Using pre-set license
Built from '2021.3/staging' branch; Version is '2021.3.4f1 (cb45f9cae8b7) revision 13321721'; Using compiler version '192829333'; Build Type 'Release'
OS: 'Windows 10  (10.0.19044) 64bit CoreSingleLanguage' Language: 'en' Physical Memory: 15789 MB
BatchMode: 1, IsHumanControllingUs: 0, StartBugReporterOnCrash: 0, Is64bit: 1, IsPro: 1

COMMAND LINE ARGUMENTS:
C:\Program Files\Unity\Hub\Editor\2021.3.4f1\Editor\Unity.exe
-adb2
-batchMode
-noUpm
-name
AssetImportWorker3
-projectPath
E:/Unity Projects/FlappyBird
-logFile
Logs/AssetImportWorker3.log
-srvPort
55024
Successfully changed project path to: E:/Unity Projects/FlappyBird
E:/Unity Projects/FlappyBird
[UnityMemory] Configuration Parameters - Can be set up in boot.config
    "memorysetup-bucket-allocator-granularity=16"
    "memorysetup-bucket-allocator-bucket-count=8"
    "memorysetup-bucket-allocator-block-size=33554432"
    "memorysetup-bucket-allocator-block-count=8"
    "memorysetup-main-allocator-block-size=16777216"
    "memorysetup-thread-allocator-block-size=16777216"
    "memorysetup-gfx-main-allocator-block-size=16777216"
    "memorysetup-gfx-thread-allocator-block-size=16777216"
    "memorysetup-cache-allocator-block-size=4194304"
    "memorysetup-typetree-allocator-block-size=2097152"
    "memorysetup-profiler-bucket-allocator-granularity=16"
    "memorysetup-profiler-bucket-allocator-bucket-count=8"
    "memorysetup-profiler-bucket-allocator-block-size=33554432"
    "memorysetup-profiler-bucket-allocator-block-count=8"
    "memorysetup-profiler-allocator-block-size=16777216"
    "memorysetup-profiler-editor-allocator-block-size=1048576"
    "memorysetup-temp-allocator-size-main=16777216"
    "memorysetup-job-temp-allocator-block-size=2097152"
    "memorysetup-job-temp-allocator-block-size-background=1048576"
    "memorysetup-job-temp-allocator-reduction-small-platforms=262144"
    "memorysetup-temp-allocator-size-background-worker=32768"
    "memorysetup-temp-allocator-size-job-worker=262144"
    "memorysetup-temp-allocator-size-preload-manager=33554432"
    "memorysetup-temp-allocator-size-nav-mesh-worker=65536"
    "memorysetup-temp-allocator-size-audio-worker=65536"
    "memorysetup-temp-allocator-size-cloud-worker=32768"
    "memorysetup-temp-allocator-size-gi-baking-worker=262144"
    "memorysetup-temp-allocator-size-gfx=262144"
Refreshing native plugins compatible for Editor in 95.68 ms, found 3 plugins.
Preloading 0 native plugins for Editor in 0.00 ms.
Initialize engine version: 2021.3.4f1 (cb45f9cae8b7)
[Subsystems] Discovering subsystems at path C:/Program Files/Unity/Hub/Editor/2021.3.4f1/Editor/Data/Resources/UnitySubsystems
[Subsystems] Discovering subsystems at path E:/Unity Projects/FlappyBird/Assets
GfxDevice: creating device client; threaded=0; jobified=0
Direct3D:
    Version:  Direct3D 11.0 [level 11.1]
    Renderer: NVIDIA GeForce GTX 1660 Ti with Max-Q Design (ID=0x2191)
    Vendor:   NVIDIA
    VRAM:     5991 MB
    Driver:   30.0.15.1278
Initialize mono
Mono path[0] = 'C:/Program Files/Unity/Hub/Editor/2021.3.4f1/Editor/Data/Managed'
Mono path[1] = 'C:/Program Files/Unity/Hub/Editor/2021.3.4f1/Editor/Data/MonoBleedingEdge/lib/mono/unityjit-win32'
Mono config path = 'C:/Program Files/Unity/Hub/Editor/2021.3.4f1/Editor/Data/MonoBleedingEdge/etc'
Using monoOptions --debugger-agent=transport=dt_socket,embedding=1,server=y,suspend=n,address=127.0.0.1:56200
Begin MonoManager ReloadAssembly
Registering precompiled unity dll's ...
Register platform support module: C:/Program Files/Unity/Hub/Editor/2021.3.4f1/Editor/Data/PlaybackEngines/WebGLSupport/UnityEditor.WebGL.Extensions.dll
Register platform support module: C:/Program Files/Unity/Hub/Editor/2021.3.4f1/Editor/Data/PlaybackEngines/AndroidPlayer/UnityEditor.Android.Extensions.dll
Register platform support module: C:/Program Files/Unity/Hub/Editor/2021.3.4f1/Editor/Data/PlaybackEngines/WindowsStandaloneSupport/UnityEditor.WindowsStandalone.Extensions.dll
Registered in 0.009987 seconds.
Native extension for WindowsStandalone target not found
Native extension for Android target not found
Native extension for WebGL target not found
Refreshing native plugins compatible for Editor in 109.83 ms, found 3 plugins.
Preloading 0 native plugins for Editor in 0.00 ms.
Mono: successfully reloaded assembly
- Completed reload, in  0.667 seconds
Domain Reload Profiling:
	ReloadAssembly (668ms)
		BeginReloadAssembly (75ms)
			ExecutionOrderSort (0ms)
			DisableScriptedObjects (0ms)
			BackupInstance (0ms)
			ReleaseScriptingObjects (0ms)
			CreateAndSetChildDomain (1ms)
		EndReloadAssembly (478ms)
			LoadAssemblies (73ms)
			RebuildTransferFunctionScriptingTraits (0ms)
			SetupTypeCache (99ms)
			ReleaseScriptCaches (0ms)
			RebuildScriptCaches (27ms)
			SetupLoadedEditorAssemblies (301ms)
				LogAssemblyErrors (0ms)
				InitializePlatformSupportModulesInManaged (58ms)
				SetLoadedEditorAssemblies (2ms)
				RefreshPlugins (110ms)
				BeforeProcessingInitializeOnLoad (1ms)
				ProcessInitializeOnLoadAttributes (90ms)
				ProcessInitializeOnLoadMethodAttributes (40ms)
				AfterProcessingInitializeOnLoad (0ms)
				EditorAssembliesLoaded (0ms)
			ExecutionOrderSort2 (0ms)
			AwakeInstancesAfterBackupRestoration (0ms)
Platform modules already initialized, skipping
Registering precompiled user dll's ...
Registered in 0.005396 seconds.
Begin MonoManager ReloadAssembly
Symbol file LoadedFromMemory doesn't match image E:\Unity Projects\FlappyBird\Library\PackageCache\com.unity.visualscripting@1.7.8\Editor\VisualScripting.Core\Dependencies\YamlDotNet\Unity.VisualScripting.YamlDotNet.dll
Symbol file LoadedFromMemory doesn't match image E:\Unity Projects\FlappyBird\Library\PackageCache\com.unity.visualscripting@1.7.8\Editor\VisualScripting.Core\Dependencies\DotNetZip\Unity.VisualScripting.IonicZip.dll
Native extension for WindowsStandalone target not found
Native extension for Android target not found
Native extension for WebGL target not found
Refreshing native plugins compatible for Editor in 0.72 ms, found 3 plugins.
Preloading 0 native plugins for Editor in 0.00 ms.
Mono: successfully reloaded assembly
- Completed reload, in  1.117 seconds
Domain Reload Profiling:
	ReloadAssembly (1117ms)
		BeginReloadAssembly (214ms)
			ExecutionOrderSort (0ms)
			DisableScriptedObjects (5ms)
			BackupInstance (0ms)
			ReleaseScriptingObjects (0ms)
			CreateAndSetChildDomain (124ms)
		EndReloadAssembly (791ms)
			LoadAssemblies (83ms)
			RebuildTransferFunctionScriptingTraits (0ms)
			SetupTypeCache (256ms)
			ReleaseScriptCaches (1ms)
			RebuildScriptCaches (50ms)
			SetupLoadedEditorAssemblies (367ms)
				LogAssemblyErrors (0ms)
				InitializePlatformSupportModulesInManaged (17ms)
				SetLoadedEditorAssemblies (0ms)
				RefreshPlugins (1ms)
				BeforeProcessingInitializeOnLoad (97ms)
				ProcessInitializeOnLoadAttributes (216ms)
				ProcessInitializeOnLoadMethodAttributes (25ms)
				AfterProcessingInitializeOnLoad (10ms)
				EditorAssembliesLoaded (0ms)
			ExecutionOrderSort2 (0ms)
			AwakeInstancesAfterBackupRestoration (5ms)
Platform modules already initialized, skipping
========================================================================
Worker process is ready to serve import requests
Launched and connected shader compiler UnityShaderCompiler.exe after 0.07 seconds
Refreshing native plugins compatible for Editor in 0.66 ms, found 3 plugins.
Preloading 0 native plugins for Editor in 0.00 ms.
Unloading 3744 Unused Serialized files (Serialized files now loaded: 0)
Unloading 28 unused Assets / (162.9 KB). Loaded Objects now: 4219.
Memory consumption went from 145.4 MB to 145.2 MB.
Total: 3.410200 ms (FindLiveObjects: 0.412000 ms CreateObjectMapping: 0.191800 ms MarkObjects: 2.650400 ms  DeleteObjects: 0.154400 ms)

AssetImportParameters requested are different than current active one (requested -> active):
  custom:video-decoder-ogg-theora: a1e56fd34408186e4bbccfd4996cb3dc -> 
  custom:container-muxer-webm: aa71ff27fc2769a1b78a27578f13a17b -> 
  custom:container-demuxer-webm: 4f35f7cbe854078d1ac9338744f61a02 -> 
  custom:video-encoder-webm-vp8: eb34c28f22e8b96e1ab97ce403110664 -> 
  custom:audio-encoder-webm-vorbis: bf7c407c2cedff20999df2af8eb42d56 -> 
  custom:framework-win-MediaFoundation: 216162199b28c13a410421893ffa2e32 -> 
  custom:container-demuxer-ogg: 62fdf1f143b41e24485cea50d1cbac27 -> 
  custom:video-decoder-webm-vp8: 9c59270c3fd7afecdb556c50c9e8de78 -> 
  custom:audio-decoder-ogg-vorbis: bf7c407c2cedff20999df2af8eb42d56 -> 
========================================================================
Received Import Request.
  Time since last request: 2669.642978 seconds.
  path: Assets/Obstacles/Pipe Reversed.prefab
  artifactKey: Guid(17cb97daf129989448e99f9f6a3805c5) Importer(815301076,1909f56bfc062723c751e8b465ee728b)
Start importing Assets/Obstacles/Pipe Reversed.prefab using Guid(17cb97daf129989448e99f9f6a3805c5) Importer(815301076,1909f56bfc062723c751e8b465ee728b)  -> (artifact id: '5079aaf20a904e5f76e9e9235990b557') in 0.068971 seconds 
========================================================================
Received Import Request.
  Time since last request: 81.259523 seconds.
  path: Assets/Standard Assets/Vehicles/Aircraft/Models/AircraftFuselage.fbx
  artifactKey: Guid(4fea6053a1424d44daf193f09be2d491) Importer(815301076,1909f56bfc062723c751e8b465ee728b)
Start importing Assets/Standard Assets/Vehicles/Aircraft/Models/AircraftFuselage.fbx using Guid(4fea6053a1424d44daf193f09be2d491) Importer(815301076,1909f56bfc062723c751e8b465ee728b)  -> (artifact id: '6e0dfb60d45763ef43efeaa26bfebe03') in 0.515781 seconds 
========================================================================
Received Import Request.
  Time since last request: 0.000037 seconds.
  path: Assets/Standard Assets/Vehicles/Aircraft/Models/AircraftWingsJet.fbx
  artifactKey: Guid(63742edd796d522458d772b44affdf9b) Importer(815301076,1909f56bfc062723c751e8b465ee728b)
Start importing Assets/Standard Assets/Vehicles/Aircraft/Models/AircraftWingsJet.fbx using Guid(63742edd796d522458d772b44affdf9b) Importer(815301076,1909f56bfc062723c751e8b465ee728b)  -> (artifact id: '18e719fec788b78d4f045f04fa7191b6') in 0.239633 seconds 
========================================================================
Received Import Request.
  Time since last request: 0.000038 seconds.
  path: Assets/Standard Assets/Vehicles/Aircraft/Prefabs/AircraftJetAI.prefab
  artifactKey: Guid(6f7604981ce4c064cbe5284c437c5699) Importer(815301076,1909f56bfc062723c751e8b465ee728b)
Start importing Assets/Standard Assets/Vehicles/Aircraft/Prefabs/AircraftJetAI.prefab using Guid(6f7604981ce4c064cbe5284c437c5699) Importer(815301076,1909f56bfc062723c751e8b465ee728b)  -> (artifact id: '615a9a83c7531f8e86ea67fb052c365e') in 0.207288 seconds 
========================================================================
Received Import Request.
  Time since last request: 0.000029 seconds.
  path: Assets/Standard Assets/Vehicles/Aircraft/Prefabs/AircraftJet.prefab
  artifactKey: Guid(147d826ca4c5a834a9dfe5db390c47f4) Importer(815301076,1909f56bfc062723c751e8b465ee728b)
Start importing Assets/Standard Assets/Vehicles/Aircraft/Prefabs/AircraftJet.prefab using Guid(147d826ca4c5a834a9dfe5db390c47f4) Importer(815301076,1909f56bfc062723c751e8b465ee728b)  -> (artifact id: '49c62e59031066c7c2d2f7986ec63439') in 0.100259 seconds 
========================================================================
Received Import Request.
  Time since last request: 0.000039 seconds.
  path: Assets/SampleScenes/Prefabs/Box.prefab
  artifactKey: Guid(d29ba28bd5caaed429838de8bac7be72) Importer(815301076,1909f56bfc062723c751e8b465ee728b)
Start importing Assets/SampleScenes/Prefabs/Box.prefab using Guid(d29ba28bd5caaed429838de8bac7be72) Importer(815301076,1909f56bfc062723c751e8b465ee728b)  -> (artifact id: '5e9c92f85284fe483deebc6fa70153b0') in 0.185742 seconds 
========================================================================
Received Import Request.
  Time since last request: 1.476989 seconds.
  path: Assets/SampleScenes/Prefabs/BoxSmall.prefab
  artifactKey: Guid(75c27bf47f501a74fa5723911612c226) Importer(815301076,1909f56bfc062723c751e8b465ee728b)
Start importing Assets/SampleScenes/Prefabs/BoxSmall.prefab using Guid(75c27bf47f501a74fa5723911612c226) Importer(815301076,1909f56bfc062723c751e8b465ee728b)  -> (artifact id: '63a37bcc95e1b504401a01b84aaf23dc') in 0.013245 seconds 
========================================================================
Received Import Request.
  Time since last request: 0.034788 seconds.
  path: Assets/Standard Assets/Environment/SpeedTree/Broadleaf/Broadleaf_Desktop.spm
  artifactKey: Guid(c91c1eb85782d5748ace27eb4d7415bb) Importer(815301076,1909f56bfc062723c751e8b465ee728b)
Start importing Assets/Standard Assets/Environment/SpeedTree/Broadleaf/Broadleaf_Desktop.spm using Guid(c91c1eb85782d5748ace27eb4d7415bb) Importer(815301076,1909f56bfc062723c751e8b465ee728b)  -> (artifact id: '8dfa400fc93665b3603722a1fe332919') in 2.030447 seconds 
========================================================================
Received Import Request.
  Time since last request: 1.834284 seconds.
  path: Assets/Standard Assets/2D/Prefabs/CharacterRobotBoy.prefab
  artifactKey: Guid(87a2357765801c34292d6718d8b4d770) Importer(815301076,1909f56bfc062723c751e8b465ee728b)
Start importing Assets/Standard Assets/2D/Prefabs/CharacterRobotBoy.prefab using Guid(87a2357765801c34292d6718d8b4d770) Importer(815301076,1909f56bfc062723c751e8b465ee728b)  -> (artifact id: 'efea85b0ae56163b231a410eface4b2a') in 0.068782 seconds 
========================================================================
Received Import Request.
  Time since last request: 148.831355 seconds.
  path: Assets/Standard Assets/Vehicles/Aircraft/Textures/AircraftFuselageOcclusion.png
  artifactKey: Guid(d378ff11c42566d46b0b11cd91eca3a3) Importer(815301076,1909f56bfc062723c751e8b465ee728b)
Start importing Assets/Standard Assets/Vehicles/Aircraft/Textures/AircraftFuselageOcclusion.png using Guid(d378ff11c42566d46b0b11cd91eca3a3) Importer(815301076,1909f56bfc062723c751e8b465ee728b)  -> (artifact id: '8e0b8f2ce5616a6354f178a8c5c677ec') in 0.054123 seconds 
========================================================================
Received Import Request.
  Time since last request: 0.000045 seconds.
  path: Assets/Standard Assets/Vehicles/Aircraft/Textures/AircraftPropellerBlur02GreyAlbedo.png
  artifactKey: Guid(da369a9e24c14b04da8e0be4d9fbee0c) Importer(815301076,1909f56bfc062723c751e8b465ee728b)
Start importing Assets/Standard Assets/Vehicles/Aircraft/Textures/AircraftPropellerBlur02GreyAlbedo.png using Guid(da369a9e24c14b04da8e0be4d9fbee0c) Importer(815301076,1909f56bfc062723c751e8b465ee728b)  -> (artifact id: '5d10bde9546659315a2162d181a52a62') in 0.019187 seconds 
========================================================================
Received Import Request.
  Time since last request: 0.000029 seconds.
  path: Assets/Standard Assets/Vehicles/Aircraft/Textures/AircraftPropellerBlur03WhiteAlbedo.png
  artifactKey: Guid(0d0e2aad9fc8ad04ba15c42753f8b797) Importer(815301076,1909f56bfc062723c751e8b465ee728b)
Start importing Assets/Standard Assets/Vehicles/Aircraft/Textures/AircraftPropellerBlur03WhiteAlbedo.png using Guid(0d0e2aad9fc8ad04ba15c42753f8b797) Importer(815301076,1909f56bfc062723c751e8b465ee728b)  -> (artifact id: '1b2f642c270cce64c101ac32764a49fc') in 0.013161 seconds 
========================================================================
Received Import Request.
  Time since last request: 0.000040 seconds.
  path: Assets/Standard Assets/Vehicles/Aircraft/Textures/AircraftPropellerBlur03GreyAlbedo.png
  artifactKey: Guid(2beb3362d4b99ed40890889c97d63cd4) Importer(815301076,1909f56bfc062723c751e8b465ee728b)
Start importing Assets/Standard Assets/Vehicles/Aircraft/Textures/AircraftPropellerBlur03GreyAlbedo.png using Guid(2beb3362d4b99ed40890889c97d63cd4) Importer(815301076,1909f56bfc062723c751e8b465ee728b)  -> (artifact id: '4b94ba8394de0baecd9252c287a159ec') in 0.018680 seconds 
========================================================================
Received Import Request.
  Time since last request: 0.543781 seconds.
  path: Assets/Standard Assets/Vehicles/Aircraft/Textures/AircraftWingsJetOcclusion.png
  artifactKey: Guid(a2203213fc4dd244e90e1e9d1862c097) Importer(815301076,1909f56bfc062723c751e8b465ee728b)
Start importing Assets/Standard Assets/Vehicles/Aircraft/Textures/AircraftWingsJetOcclusion.png using Guid(a2203213fc4dd244e90e1e9d1862c097) Importer(815301076,1909f56bfc062723c751e8b465ee728b)  -> (artifact id: 'e5aa0f3605bf90cffe2b9c42fd332eb9') in 0.021109 seconds 
========================================================================
Received Import Request.
  Time since last request: 0.050182 seconds.
  path: Assets/Standard Assets/Vehicles/Aircraft/Textures/AircraftWingsPropellerOcclusion.png
  artifactKey: Guid(0ad6f20f99271564d93962d2b51bf9b0) Importer(815301076,1909f56bfc062723c751e8b465ee728b)
Start importing Assets/Standard Assets/Vehicles/Aircraft/Textures/AircraftWingsPropellerOcclusion.png using Guid(0ad6f20f99271564d93962d2b51bf9b0) Importer(815301076,1909f56bfc062723c751e8b465ee728b)  -> (artifact id: '76c8f0c989490b0790a20a817bbe3dff') in 0.020841 seconds 
========================================================================
Received Import Request.
  Time since last request: 0.034563 seconds.
  path: Assets/Standard Assets/2D/Sprites/BackgroundNavyGridSprite.png
  artifactKey: Guid(1d0c184845252df44a655359de388cb8) Importer(815301076,1909f56bfc062723c751e8b465ee728b)
Start importing Assets/Standard Assets/2D/Sprites/BackgroundNavyGridSprite.png using Guid(1d0c184845252df44a655359de388cb8) Importer(815301076,1909f56bfc062723c751e8b465ee728b)  -> (artifact id: 'b3dcb92edf50b46cca86704bcaab40c2') in 0.035878 seconds 
========================================================================
Received Import Request.
  Time since last request: 0.229644 seconds.
  path: Assets/Standard Assets/Environment/SpeedTree/Broadleaf/Broadleaf_Desktop_Atlas_Billboards.tga
  artifactKey: Guid(951aab9a19f551f4385d0ceafdaf19b4) Importer(815301076,1909f56bfc062723c751e8b465ee728b)
Start importing Assets/Standard Assets/Environment/SpeedTree/Broadleaf/Broadleaf_Desktop_Atlas_Billboards.tga using Guid(951aab9a19f551f4385d0ceafdaf19b4) Importer(815301076,1909f56bfc062723c751e8b465ee728b)  -> (artifact id: '777e5c86ea0f69861e4359e6cc32b7f4') in 0.018054 seconds 
========================================================================
Received Import Request.
  Time since last request: 0.000022 seconds.
  path: Assets/Standard Assets/Environment/SpeedTree/Broadleaf/Broadleaf_Desktop_Atlas_Normal.tga
  artifactKey: Guid(b552931caa1b3ea418b9ba90cbd1333e) Importer(815301076,1909f56bfc062723c751e8b465ee728b)
Start importing Assets/Standard Assets/Environment/SpeedTree/Broadleaf/Broadleaf_Desktop_Atlas_Normal.tga using Guid(b552931caa1b3ea418b9ba90cbd1333e) Importer(815301076,1909f56bfc062723c751e8b465ee728b)  -> (artifact id: '9b35134b67da2467bde6aec8f8f873f5') in 0.015124 seconds 
========================================================================
Received Import Request.
  Time since last request: 0.025774 seconds.
  path: Assets/Standard Assets/Environment/SpeedTree/Broadleaf/Broadleaf_Mobile_Atlas.tga
  artifactKey: Guid(2c116325e19b8a04d916864cc540ec2d) Importer(815301076,1909f56bfc062723c751e8b465ee728b)
Start importing Assets/Standard Assets/Environment/SpeedTree/Broadleaf/Broadleaf_Mobile_Atlas.tga using Guid(2c116325e19b8a04d916864cc540ec2d) Importer(815301076,1909f56bfc062723c751e8b465ee728b)  -> (artifact id: '4116ff372a21ec7d714e9331305401a0') in 0.012653 seconds 
========================================================================
Received Import Request.
  Time since last request: 0.754088 seconds.
  path: Assets/Standard Assets/Environment/SpeedTree/Broadleaf/Broadleaf_Mobile_Atlas_Billboards_Normal.tga
  artifactKey: Guid(c9de3ae2361df6c469caeb2024321cbf) Importer(815301076,1909f56bfc062723c751e8b465ee728b)
Start importing Assets/Standard Assets/Environment/SpeedTree/Broadleaf/Broadleaf_Mobile_Atlas_Billboards_Normal.tga using Guid(c9de3ae2361df6c469caeb2024321cbf) Importer(815301076,1909f56bfc062723c751e8b465ee728b)  -> (artifact id: '798f2071bb61c313c6893b39deebc6d0') in 0.013381 seconds 
========================================================================
Received Import Request.
  Time since last request: 0.332149 seconds.
  path: Assets/Standard Assets/Environment/SpeedTree/Broadleaf/Broadleaf_Mobile_Atlas_Specular.tga
  artifactKey: Guid(45cab4c9b31009748999eec1556926b3) Importer(815301076,1909f56bfc062723c751e8b465ee728b)
Start importing Assets/Standard Assets/Environment/SpeedTree/Broadleaf/Broadleaf_Mobile_Atlas_Specular.tga using Guid(45cab4c9b31009748999eec1556926b3) Importer(815301076,1909f56bfc062723c751e8b465ee728b)  -> (artifact id: 'c3db564b7181f5b64dfafe43c0440661') in 0.012732 seconds 
========================================================================
Received Import Request.
  Time since last request: 0.252377 seconds.
  path: Assets/Standard Assets/Environment/SpeedTree/Broadleaf/BroadleafBark_Normal.tga
  artifactKey: Guid(34f07406286974e4ca236867d8d58b51) Importer(815301076,1909f56bfc062723c751e8b465ee728b)
Start importing Assets/Standard Assets/Environment/SpeedTree/Broadleaf/BroadleafBark_Normal.tga using Guid(34f07406286974e4ca236867d8d58b51) Importer(815301076,1909f56bfc062723c751e8b465ee728b)  -> (artifact id: 'f97a728ba950c44a558b8ac8a8dc6bac') in 0.011750 seconds 
========================================================================
Received Import Request.
  Time since last request: 0.893260 seconds.
  path: Assets/Standard Assets/Environment/SpeedTree/Broadleaf/Broadleaves_Card_Desktop_Normal.tga
  artifactKey: Guid(f0d8945c7972e4747aa776e16494fa37) Importer(815301076,1909f56bfc062723c751e8b465ee728b)
Start importing Assets/Standard Assets/Environment/SpeedTree/Broadleaf/Broadleaves_Card_Desktop_Normal.tga using Guid(f0d8945c7972e4747aa776e16494fa37) Importer(815301076,1909f56bfc062723c751e8b465ee728b)  -> (artifact id: '0bf350ec23f15eb97d1d9142624feb03') in 0.018572 seconds 
========================================================================
Received Import Request.
  Time since last request: 0.558190 seconds.
  path: Assets/Standard Assets/Environment/SpeedTree/Broadleaf/Broadleaves_Desktop.tga
  artifactKey: Guid(306f8f570579fb3448d141a63029ef94) Importer(815301076,1909f56bfc062723c751e8b465ee728b)
Start importing Assets/Standard Assets/Environment/SpeedTree/Broadleaf/Broadleaves_Desktop.tga using Guid(306f8f570579fb3448d141a63029ef94) Importer(815301076,1909f56bfc062723c751e8b465ee728b)  -> (artifact id: '44b5913a0154b9481d3f2de1cfd4a912') in 0.016792 seconds 
========================================================================
Received Import Request.
  Time since last request: 3.569697 seconds.
  path: Assets/Standard Assets/Environment/Water (Basic)/Textures/WaterBasicNighttimeGradient.psd
  artifactKey: Guid(8403d3349d112ba4d000be1be39e7c39) Importer(815301076,1909f56bfc062723c751e8b465ee728b)
Start importing Assets/Standard Assets/Environment/Water (Basic)/Textures/WaterBasicNighttimeGradient.psd using Guid(8403d3349d112ba4d000be1be39e7c39) Importer(815301076,1909f56bfc062723c751e8b465ee728b)  -> (artifact id: '0a72a47c5c1316c4871e3e3afdc634b9') in 0.020254 seconds 
========================================================================
Received Import Request.
  Time since last request: 0.947380 seconds.
  path: Assets/Standard Assets/Environment/TerrainAssets/BillboardTextures/GrassFrond01AlbedoAlpha.psd
  artifactKey: Guid(2c528fec5d95e4ac28cf46399b887662) Importer(815301076,1909f56bfc062723c751e8b465ee728b)
Start importing Assets/Standard Assets/Environment/TerrainAssets/BillboardTextures/GrassFrond01AlbedoAlpha.psd using Guid(2c528fec5d95e4ac28cf46399b887662) Importer(815301076,1909f56bfc062723c751e8b465ee728b)  -> (artifact id: '8582adc418fdf60d3008881342d01376') in 0.018185 seconds 
========================================================================
Received Import Request.
  Time since last request: 112.055728 seconds.
  path: Assets/Standard Assets/CrossPlatformInput/Sprites/ButtonThumbstickUpSprite.png
  artifactKey: Guid(9866a92691696b346901281f2b329034) Importer(815301076,1909f56bfc062723c751e8b465ee728b)
Start importing Assets/Standard Assets/CrossPlatformInput/Sprites/ButtonThumbstickUpSprite.png using Guid(9866a92691696b346901281f2b329034) Importer(815301076,1909f56bfc062723c751e8b465ee728b)  -> (artifact id: '58ced6fe99f5b96294c31b34039a49a0') in 0.033006 seconds 
========================================================================
Received Import Request.
  Time since last request: 0.038541 seconds.
  path: Assets/Standard Assets/CrossPlatformInput/Sprites/ButtonTimescaleSlowUpSprite.png
  artifactKey: Guid(9d7c6e4896067aa4fa512a00f692ac1c) Importer(815301076,1909f56bfc062723c751e8b465ee728b)
Start importing Assets/Standard Assets/CrossPlatformInput/Sprites/ButtonTimescaleSlowUpSprite.png using Guid(9d7c6e4896067aa4fa512a00f692ac1c) Importer(815301076,1909f56bfc062723c751e8b465ee728b)  -> (artifact id: '5a281b62fc3c483b09b1e83207cdeca8') in 0.023252 seconds 
========================================================================
Received Import Request.
  Time since last request: 0.291857 seconds.
  path: Assets/Standard Assets/Environment/SpeedTree/Broadleaf/Cap_01_Normal.tga
  artifactKey: Guid(55e2334423fefa34fb4916f6780413d3) Importer(815301076,1909f56bfc062723c751e8b465ee728b)
Start importing Assets/Standard Assets/Environment/SpeedTree/Broadleaf/Cap_01_Normal.tga using Guid(55e2334423fefa34fb4916f6780413d3) Importer(815301076,1909f56bfc062723c751e8b465ee728b)  -> (artifact id: '037d5faf6817e4c35a9ecfb40e569675') in 0.020689 seconds 
========================================================================
Received Import Request.
  Time since last request: 0.317279 seconds.
  path: Assets/Standard Assets/Environment/SpeedTree/Broadleaf/Cap_02_Normal.tga
  artifactKey: Guid(371fa5d370f67534696194100d17bfad) Importer(815301076,1909f56bfc062723c751e8b465ee728b)
Start importing Assets/Standard Assets/Environment/SpeedTree/Broadleaf/Cap_02_Normal.tga using Guid(371fa5d370f67534696194100d17bfad) Importer(815301076,1909f56bfc062723c751e8b465ee728b)  -> (artifact id: 'cc4e7cb98178b1cd2e854e54d7d15a43') in 0.018386 seconds 
========================================================================
Received Import Request.
  Time since last request: 0.000033 seconds.
  path: Assets/SampleScenes/Textures/ChevronAlbedo.png
  artifactKey: Guid(a354bcb686ec6544bb340270e70b8f91) Importer(815301076,1909f56bfc062723c751e8b465ee728b)
Start importing Assets/SampleScenes/Textures/ChevronAlbedo.png using Guid(a354bcb686ec6544bb340270e70b8f91) Importer(815301076,1909f56bfc062723c751e8b465ee728b)  -> (artifact id: 'adddcef91cffa5c2c08a3300714fcdfb') in 0.018412 seconds 
========================================================================
Received Import Request.
  Time since last request: 0.000043 seconds.
  path: Assets/Standard Assets/Effects/TessellationShaders/Textures/CliffNormals.png
  artifactKey: Guid(e08c295755c0885479ad19f518286ff2) Importer(815301076,1909f56bfc062723c751e8b465ee728b)
Start importing Assets/Standard Assets/Effects/TessellationShaders/Textures/CliffNormals.png using Guid(e08c295755c0885479ad19f518286ff2) Importer(815301076,1909f56bfc062723c751e8b465ee728b)  -> (artifact id: '5e0e6db55d3e57c38da6391d59a6635d') in 0.022735 seconds 
========================================================================
Received Import Request.
  Time since last request: 0.014332 seconds.
  path: Assets/Standard Assets/Environment/SpeedTree/Broadleaf/ClippedFrond_Normal.tga
  artifactKey: Guid(98a0c4bded48f6e488eb93670599274e) Importer(815301076,1909f56bfc062723c751e8b465ee728b)
Start importing Assets/Standard Assets/Environment/SpeedTree/Broadleaf/ClippedFrond_Normal.tga using Guid(98a0c4bded48f6e488eb93670599274e) Importer(815301076,1909f56bfc062723c751e8b465ee728b)  -> (artifact id: '7f3e0fc5ca7244a07c2641012c0128ae') in 0.017565 seconds 
========================================================================
Received Import Request.
  Time since last request: 0.988152 seconds.
  path: Assets/Standard Assets/Environment/SpeedTree/Conifer/Conifer_Desktop_Atlas_Billboards.tga
  artifactKey: Guid(612b65e0cd1576e4bbba0516d756a99d) Importer(815301076,1909f56bfc062723c751e8b465ee728b)
Start importing Assets/Standard Assets/Environment/SpeedTree/Conifer/Conifer_Desktop_Atlas_Billboards.tga using Guid(612b65e0cd1576e4bbba0516d756a99d) Importer(815301076,1909f56bfc062723c751e8b465ee728b)  -> (artifact id: '94f4d8757d3a9ac907ec890f2fb4ee9d') in 0.028061 seconds 
========================================================================
Received Import Request.
  Time since last request: 0.000031 seconds.
  path: Assets/Standard Assets/Environment/SpeedTree/Conifer/Conifer_Desktop_Atlas_Billboards_Normal.tga
  artifactKey: Guid(6c2afc8a038f69f4aa35c25dcd94fd55) Importer(815301076,1909f56bfc062723c751e8b465ee728b)
Start importing Assets/Standard Assets/Environment/SpeedTree/Conifer/Conifer_Desktop_Atlas_Billboards_Normal.tga using Guid(6c2afc8a038f69f4aa35c25dcd94fd55) Importer(815301076,1909f56bfc062723c751e8b465ee728b)  -> (artifact id: 'b9857d3d9fd6b8f1df9a48da8aecd099') in 0.025582 seconds 
========================================================================
Received Import Request.
  Time since last request: 0.000039 seconds.
  path: Assets/Standard Assets/Environment/SpeedTree/Conifer/Conifer_Desktop_Atlas_Specular.tga
  artifactKey: Guid(41232aac50fb25a40b390906295f9aa6) Importer(815301076,1909f56bfc062723c751e8b465ee728b)
Start importing Assets/Standard Assets/Environment/SpeedTree/Conifer/Conifer_Desktop_Atlas_Specular.tga using Guid(41232aac50fb25a40b390906295f9aa6) Importer(815301076,1909f56bfc062723c751e8b465ee728b)  -> (artifact id: '8eeb90d0e662997e37ca011464c6e421') in 0.014365 seconds 
========================================================================
Received Import Request.
  Time since last request: 0.000026 seconds.
  path: Assets/Standard Assets/Environment/SpeedTree/Conifer/Conifer_Needles_Desktop.tga
  artifactKey: Guid(34d2758af9e0a2b4690fbcfcad0285d6) Importer(815301076,1909f56bfc062723c751e8b465ee728b)
Start importing Assets/Standard Assets/Environment/SpeedTree/Conifer/Conifer_Needles_Desktop.tga using Guid(34d2758af9e0a2b4690fbcfcad0285d6) Importer(815301076,1909f56bfc062723c751e8b465ee728b)  -> (artifact id: '33d9c99693193c3505506f002f4652dc') in 0.014560 seconds 
========================================================================
Received Import Request.
  Time since last request: 0.466898 seconds.
  path: Assets/Standard Assets/Environment/SpeedTree/Conifer/ConiferBark_Normal.tga
  artifactKey: Guid(2b46b029d8dc37049aebb484e79998ff) Importer(815301076,1909f56bfc062723c751e8b465ee728b)
Start importing Assets/Standard Assets/Environment/SpeedTree/Conifer/ConiferBark_Normal.tga using Guid(2b46b029d8dc37049aebb484e79998ff) Importer(815301076,1909f56bfc062723c751e8b465ee728b)  -> (artifact id: '72fb90f5cdfaa634ab389f7ce19cc547') in 0.015220 seconds 
========================================================================
Received Import Request.
  Time since last request: 0.042721 seconds.
  path: Assets/Standard Assets/Characters/ThirdPersonCharacter/Textures/EthanNormals.png
  artifactKey: Guid(3b5b7be0f2332c24f89a2af018daa62d) Importer(815301076,1909f56bfc062723c751e8b465ee728b)
Start importing Assets/Standard Assets/Characters/ThirdPersonCharacter/Textures/EthanNormals.png using Guid(3b5b7be0f2332c24f89a2af018daa62d) Importer(815301076,1909f56bfc062723c751e8b465ee728b)  -> (artifact id: 'a8df29058006e3fe9f39be32b2cad231') in 0.036199 seconds 
========================================================================
Received Import Request.
  Time since last request: 0.018218 seconds.
  path: Assets/Standard Assets/Effects/Projectors/Textures/Falloff.psd
  artifactKey: Guid(23740055e2b119e40a939138ab8070f8) Importer(815301076,1909f56bfc062723c751e8b465ee728b)
Start importing Assets/Standard Assets/Effects/Projectors/Textures/Falloff.psd using Guid(23740055e2b119e40a939138ab8070f8) Importer(815301076,1909f56bfc062723c751e8b465ee728b)  -> (artifact id: 'a48f344d54736ff1ac8c9aafd98e5e42') in 0.017809 seconds 
========================================================================
Received Import Request.
  Time since last request: 376.411130 seconds.
  path: Assets/Ouroboros/Stylized Textures - Mini Set/Textures/Stone Wall/Materials/NewLayer 2.terrainlayer
  artifactKey: Guid(d79819d9e3dcc9f44a1ad626e3c4b754) Importer(815301076,1909f56bfc062723c751e8b465ee728b)
Start importing Assets/Ouroboros/Stylized Textures - Mini Set/Textures/Stone Wall/Materials/NewLayer 2.terrainlayer using Guid(d79819d9e3dcc9f44a1ad626e3c4b754) Importer(815301076,1909f56bfc062723c751e8b465ee728b)  -> (artifact id: 'f5bfdf80e5478e9a495a0fb87ef91ae2') in 0.023352 seconds 
========================================================================
Received Import Request.
  Time since last request: 586.235984 seconds.
  path: Assets/SampleScenes/Models/GoalPosts.fbx
  artifactKey: Guid(dbd33ca8053b5cb4790c6766343d4fb9) Importer(815301076,1909f56bfc062723c751e8b465ee728b)
Start importing Assets/SampleScenes/Models/GoalPosts.fbx using Guid(dbd33ca8053b5cb4790c6766343d4fb9) Importer(815301076,1909f56bfc062723c751e8b465ee728b)  -> (artifact id: 'a5122923b3181fb8866f94cfdc93d2bd') in 0.023941 seconds 
========================================================================
Received Import Request.
  Time since last request: 0.004970 seconds.
  path: Assets/SampleScenes/Models/LaserBolt.fbx
  artifactKey: Guid(ee3f0b52fe10f194fb33c1423defa973) Importer(815301076,1909f56bfc062723c751e8b465ee728b)
Start importing Assets/SampleScenes/Models/LaserBolt.fbx using Guid(ee3f0b52fe10f194fb33c1423defa973) Importer(815301076,1909f56bfc062723c751e8b465ee728b)  -> (artifact id: '88ab9b58fc7b6521a82b1207b8c11e21') in 0.025006 seconds 
========================================================================
Received Import Request.
  Time since last request: 0.000035 seconds.
  path: Assets/SampleScenes/Models/PrimaryJumpRamp.fbx
  artifactKey: Guid(e5a593bc7144a6c45b7a3d4543355ec4) Importer(815301076,1909f56bfc062723c751e8b465ee728b)
Start importing Assets/SampleScenes/Models/PrimaryJumpRamp.fbx using Guid(e5a593bc7144a6c45b7a3d4543355ec4) Importer(815301076,1909f56bfc062723c751e8b465ee728b)  -> (artifact id: 'e29b34360d31f65f4236e63e8a3c7979') in 0.021975 seconds 
========================================================================
Received Import Request.
  Time since last request: 0.000068 seconds.
  path: Assets/SampleScenes/Models/GroundRunway.FBX
  artifactKey: Guid(b02e63c7c24117e45acd64f6e5ede314) Importer(815301076,1909f56bfc062723c751e8b465ee728b)
Start importing Assets/SampleScenes/Models/GroundRunway.FBX using Guid(b02e63c7c24117e45acd64f6e5ede314) Importer(815301076,1909f56bfc062723c751e8b465ee728b)  -> (artifact id: '9f27c6907e2e411f1e1044499e17557b') in 0.053433 seconds 
========================================================================
Received Import Request.
  Time since last request: 0.000026 seconds.
  path: Assets/SampleScenes/Models/Ring.fbx
  artifactKey: Guid(ccb151eac4280a94c95575e12e56865a) Importer(815301076,1909f56bfc062723c751e8b465ee728b)
Start importing Assets/SampleScenes/Models/Ring.fbx using Guid(ccb151eac4280a94c95575e12e56865a) Importer(815301076,1909f56bfc062723c751e8b465ee728b)  -> (artifact id: 'a96d36fdddd0af486d6db53edbc11d98') in 0.018231 seconds 
========================================================================
Received Import Request.
  Time since last request: 0.000044 seconds.
  path: Assets/SampleScenes/Models/Platforms.fbx
  artifactKey: Guid(c35d6bf90f6954140bdbb6cd51b608ac) Importer(815301076,1909f56bfc062723c751e8b465ee728b)
Start importing Assets/SampleScenes/Models/Platforms.fbx using Guid(c35d6bf90f6954140bdbb6cd51b608ac) Importer(815301076,1909f56bfc062723c751e8b465ee728b)  -> (artifact id: 'f55c97a60e938d81ae3c210bda62a10f') in 0.020250 seconds 
========================================================================
Received Import Request.
  Time since last request: 0.000056 seconds.
  path: Assets/SampleScenes/Models/Platform.fbx
  artifactKey: Guid(41807bb6e4134a34aaf92fbad2e07bbc) Importer(815301076,1909f56bfc062723c751e8b465ee728b)
Start importing Assets/SampleScenes/Models/Platform.fbx using Guid(41807bb6e4134a34aaf92fbad2e07bbc) Importer(815301076,1909f56bfc062723c751e8b465ee728b)  -> (artifact id: '8dbf04f7362cdd9bf84be9595f28ed78') in 0.018118 seconds 
========================================================================
Received Import Request.
  Time since last request: 0.000030 seconds.
  path: Assets/SampleScenes/Models/GroundObstacles.FBX
  artifactKey: Guid(f57127cfcc32ab9419af130b6a9211fb) Importer(815301076,1909f56bfc062723c751e8b465ee728b)
Start importing Assets/SampleScenes/Models/GroundObstacles.FBX using Guid(f57127cfcc32ab9419af130b6a9211fb) Importer(815301076,1909f56bfc062723c751e8b465ee728b)  -> (artifact id: 'd19b155e66cb75e0afff50ed32fa38c9') in 0.051825 seconds 
Editor requested this worker to shutdown with reason: Scaling down because of idle timeout
AssetImportWorker is now disconnected from the server
Process exiting
Exiting without the bug reporter. Application will terminate with return code 0