Using pre-set license
Built from '2021.3/staging' branch; Version is '2021.3.4f1 (cb45f9cae8b7) revision 13321721'; Using compiler version '192829333'; Build Type 'Release'
OS: 'Windows 10  (10.0.19044) 64bit CoreSingleLanguage' Language: 'en' Physical Memory: 15789 MB
BatchMode: 1, IsHumanControllingUs: 0, StartBugReporterOnCrash: 0, Is64bit: 1, IsPro: 1

COMMAND LINE ARGUMENTS:
C:\Program Files\Unity\Hub\Editor\2021.3.4f1\Editor\Unity.exe
-adb2
-batchMode
-noUpm
-name
AssetImportWorker1
-projectPath
E:/Unity Projects/FlappyBird
-logFile
Logs/AssetImportWorker1.log
-srvPort
55024
Successfully changed project path to: E:/Unity Projects/FlappyBird
E:/Unity Projects/FlappyBird
[UnityMemory] Configuration Parameters - Can be set up in boot.config
    "memorysetup-bucket-allocator-granularity=16"
    "memorysetup-bucket-allocator-bucket-count=8"
    "memorysetup-bucket-allocator-block-size=33554432"
    "memorysetup-bucket-allocator-block-count=8"
    "memorysetup-main-allocator-block-size=16777216"
    "memorysetup-thread-allocator-block-size=16777216"
    "memorysetup-gfx-main-allocator-block-size=16777216"
    "memorysetup-gfx-thread-allocator-block-size=16777216"
    "memorysetup-cache-allocator-block-size=4194304"
    "memorysetup-typetree-allocator-block-size=2097152"
    "memorysetup-profiler-bucket-allocator-granularity=16"
    "memorysetup-profiler-bucket-allocator-bucket-count=8"
    "memorysetup-profiler-bucket-allocator-block-size=33554432"
    "memorysetup-profiler-bucket-allocator-block-count=8"
    "memorysetup-profiler-allocator-block-size=16777216"
    "memorysetup-profiler-editor-allocator-block-size=1048576"
    "memorysetup-temp-allocator-size-main=16777216"
    "memorysetup-job-temp-allocator-block-size=2097152"
    "memorysetup-job-temp-allocator-block-size-background=1048576"
    "memorysetup-job-temp-allocator-reduction-small-platforms=262144"
    "memorysetup-temp-allocator-size-background-worker=32768"
    "memorysetup-temp-allocator-size-job-worker=262144"
    "memorysetup-temp-allocator-size-preload-manager=33554432"
    "memorysetup-temp-allocator-size-nav-mesh-worker=65536"
    "memorysetup-temp-allocator-size-audio-worker=65536"
    "memorysetup-temp-allocator-size-cloud-worker=32768"
    "memorysetup-temp-allocator-size-gi-baking-worker=262144"
    "memorysetup-temp-allocator-size-gfx=262144"
Refreshing native plugins compatible for Editor in 107.07 ms, found 3 plugins.
Preloading 0 native plugins for Editor in 0.00 ms.
Initialize engine version: 2021.3.4f1 (cb45f9cae8b7)
[Subsystems] Discovering subsystems at path C:/Program Files/Unity/Hub/Editor/2021.3.4f1/Editor/Data/Resources/UnitySubsystems
[Subsystems] Discovering subsystems at path E:/Unity Projects/FlappyBird/Assets
GfxDevice: creating device client; threaded=0; jobified=0
Direct3D:
    Version:  Direct3D 11.0 [level 11.1]
    Renderer: NVIDIA GeForce GTX 1660 Ti with Max-Q Design (ID=0x2191)
    Vendor:   NVIDIA
    VRAM:     5991 MB
    Driver:   30.0.15.1278
Initialize mono
Mono path[0] = 'C:/Program Files/Unity/Hub/Editor/2021.3.4f1/Editor/Data/Managed'
Mono path[1] = 'C:/Program Files/Unity/Hub/Editor/2021.3.4f1/Editor/Data/MonoBleedingEdge/lib/mono/unityjit-win32'
Mono config path = 'C:/Program Files/Unity/Hub/Editor/2021.3.4f1/Editor/Data/MonoBleedingEdge/etc'
Using monoOptions --debugger-agent=transport=dt_socket,embedding=1,server=y,suspend=n,address=127.0.0.1:56020
Begin MonoManager ReloadAssembly
Registering precompiled unity dll's ...
Register platform support module: C:/Program Files/Unity/Hub/Editor/2021.3.4f1/Editor/Data/PlaybackEngines/WebGLSupport/UnityEditor.WebGL.Extensions.dll
Register platform support module: C:/Program Files/Unity/Hub/Editor/2021.3.4f1/Editor/Data/PlaybackEngines/AndroidPlayer/UnityEditor.Android.Extensions.dll
Register platform support module: C:/Program Files/Unity/Hub/Editor/2021.3.4f1/Editor/Data/PlaybackEngines/WindowsStandaloneSupport/UnityEditor.WindowsStandalone.Extensions.dll
Registered in 0.011469 seconds.
Native extension for WindowsStandalone target not found
Native extension for Android target not found
Native extension for WebGL target not found
Refreshing native plugins compatible for Editor in 116.19 ms, found 3 plugins.
Preloading 0 native plugins for Editor in 0.00 ms.
Mono: successfully reloaded assembly
- Completed reload, in  0.794 seconds
Domain Reload Profiling:
	ReloadAssembly (795ms)
		BeginReloadAssembly (95ms)
			ExecutionOrderSort (0ms)
			DisableScriptedObjects (0ms)
			BackupInstance (0ms)
			ReleaseScriptingObjects (0ms)
			CreateAndSetChildDomain (1ms)
		EndReloadAssembly (567ms)
			LoadAssemblies (93ms)
			RebuildTransferFunctionScriptingTraits (0ms)
			SetupTypeCache (126ms)
			ReleaseScriptCaches (0ms)
			RebuildScriptCaches (30ms)
			SetupLoadedEditorAssemblies (335ms)
				LogAssemblyErrors (0ms)
				InitializePlatformSupportModulesInManaged (67ms)
				SetLoadedEditorAssemblies (0ms)
				RefreshPlugins (116ms)
				BeforeProcessingInitializeOnLoad (4ms)
				ProcessInitializeOnLoadAttributes (104ms)
				ProcessInitializeOnLoadMethodAttributes (44ms)
				AfterProcessingInitializeOnLoad (0ms)
				EditorAssembliesLoaded (0ms)
			ExecutionOrderSort2 (0ms)
			AwakeInstancesAfterBackupRestoration (0ms)
Platform modules already initialized, skipping
Registering precompiled user dll's ...
Registered in 0.006181 seconds.
Begin MonoManager ReloadAssembly
Symbol file LoadedFromMemory doesn't match image E:\Unity Projects\FlappyBird\Library\PackageCache\com.unity.visualscripting@1.7.8\Editor\VisualScripting.Core\Dependencies\YamlDotNet\Unity.VisualScripting.YamlDotNet.dll
Symbol file LoadedFromMemory doesn't match image E:\Unity Projects\FlappyBird\Library\PackageCache\com.unity.visualscripting@1.7.8\Editor\VisualScripting.Core\Dependencies\DotNetZip\Unity.VisualScripting.IonicZip.dll
Native extension for WindowsStandalone target not found
Native extension for Android target not found
Native extension for WebGL target not found
Refreshing native plugins compatible for Editor in 0.67 ms, found 3 plugins.
Preloading 0 native plugins for Editor in 0.00 ms.
Mono: successfully reloaded assembly
- Completed reload, in  1.226 seconds
Domain Reload Profiling:
	ReloadAssembly (1227ms)
		BeginReloadAssembly (230ms)
			ExecutionOrderSort (0ms)
			DisableScriptedObjects (6ms)
			BackupInstance (0ms)
			ReleaseScriptingObjects (0ms)
			CreateAndSetChildDomain (134ms)
		EndReloadAssembly (873ms)
			LoadAssemblies (90ms)
			RebuildTransferFunctionScriptingTraits (0ms)
			SetupTypeCache (273ms)
			ReleaseScriptCaches (1ms)
			RebuildScriptCaches (54ms)
			SetupLoadedEditorAssemblies (419ms)
				LogAssemblyErrors (0ms)
				InitializePlatformSupportModulesInManaged (18ms)
				SetLoadedEditorAssemblies (0ms)
				RefreshPlugins (1ms)
				BeforeProcessingInitializeOnLoad (97ms)
				ProcessInitializeOnLoadAttributes (259ms)
				ProcessInitializeOnLoadMethodAttributes (32ms)
				AfterProcessingInitializeOnLoad (11ms)
				EditorAssembliesLoaded (0ms)
			ExecutionOrderSort2 (0ms)
			AwakeInstancesAfterBackupRestoration (6ms)
Platform modules already initialized, skipping
========================================================================
Worker process is ready to serve import requests
Launched and connected shader compiler UnityShaderCompiler.exe after 0.07 seconds
Refreshing native plugins compatible for Editor in 0.90 ms, found 3 plugins.
Preloading 0 native plugins for Editor in 0.00 ms.
Unloading 3743 Unused Serialized files (Serialized files now loaded: 0)
Unloading 28 unused Assets / (153.9 KB). Loaded Objects now: 4202.
Memory consumption went from 133.5 MB to 133.3 MB.
Total: 3.626600 ms (FindLiveObjects: 0.352300 ms CreateObjectMapping: 0.158100 ms MarkObjects: 2.942500 ms  DeleteObjects: 0.172100 ms)

AssetImportParameters requested are different than current active one (requested -> active):
  custom:video-decoder-ogg-theora: a1e56fd34408186e4bbccfd4996cb3dc -> 
  custom:container-muxer-webm: aa71ff27fc2769a1b78a27578f13a17b -> 
  custom:container-demuxer-webm: 4f35f7cbe854078d1ac9338744f61a02 -> 
  custom:video-encoder-webm-vp8: eb34c28f22e8b96e1ab97ce403110664 -> 
  custom:audio-encoder-webm-vorbis: bf7c407c2cedff20999df2af8eb42d56 -> 
  custom:framework-win-MediaFoundation: 216162199b28c13a410421893ffa2e32 -> 
  custom:container-demuxer-ogg: 62fdf1f143b41e24485cea50d1cbac27 -> 
  custom:video-decoder-webm-vp8: 9c59270c3fd7afecdb556c50c9e8de78 -> 
  custom:audio-decoder-ogg-vorbis: bf7c407c2cedff20999df2af8eb42d56 -> 
========================================================================
Received Prepare
Registering precompiled user dll's ...
Registered in 0.006286 seconds.
Begin MonoManager ReloadAssembly
Symbol file LoadedFromMemory doesn't match image E:\Unity Projects\FlappyBird\Library\PackageCache\com.unity.visualscripting@1.7.8\Editor\VisualScripting.Core\Dependencies\YamlDotNet\Unity.VisualScripting.YamlDotNet.dll
Symbol file LoadedFromMemory doesn't match image E:\Unity Projects\FlappyBird\Library\PackageCache\com.unity.visualscripting@1.7.8\Editor\VisualScripting.Core\Dependencies\DotNetZip\Unity.VisualScripting.IonicZip.dll
Native extension for WindowsStandalone target not found
Native extension for Android target not found
Native extension for WebGL target not found
Refreshing native plugins compatible for Editor in 0.81 ms, found 3 plugins.
Preloading 0 native plugins for Editor in 0.00 ms.
Mono: successfully reloaded assembly
- Completed reload, in  1.030 seconds
Domain Reload Profiling:
	ReloadAssembly (1030ms)
		BeginReloadAssembly (139ms)
			ExecutionOrderSort (0ms)
			DisableScriptedObjects (5ms)
			BackupInstance (0ms)
			ReleaseScriptingObjects (0ms)
			CreateAndSetChildDomain (34ms)
		EndReloadAssembly (790ms)
			LoadAssemblies (95ms)
			RebuildTransferFunctionScriptingTraits (0ms)
			SetupTypeCache (260ms)
			ReleaseScriptCaches (1ms)
			RebuildScriptCaches (43ms)
			SetupLoadedEditorAssemblies (357ms)
				LogAssemblyErrors (0ms)
				InitializePlatformSupportModulesInManaged (26ms)
				SetLoadedEditorAssemblies (1ms)
				RefreshPlugins (1ms)
				BeforeProcessingInitializeOnLoad (73ms)
				ProcessInitializeOnLoadAttributes (217ms)
				ProcessInitializeOnLoadMethodAttributes (29ms)
				AfterProcessingInitializeOnLoad (11ms)
				EditorAssembliesLoaded (0ms)
			ExecutionOrderSort2 (0ms)
			AwakeInstancesAfterBackupRestoration (6ms)
Platform modules already initialized, skipping
Refreshing native plugins compatible for Editor in 2.12 ms, found 3 plugins.
Preloading 0 native plugins for Editor in 0.00 ms.
Unloading 3719 Unused Serialized files (Serialized files now loaded: 0)
Unloading 21 unused Assets / (129.4 KB). Loaded Objects now: 4205.
Memory consumption went from 131.5 MB to 131.4 MB.
Total: 3.479900 ms (FindLiveObjects: 0.323700 ms CreateObjectMapping: 0.147200 ms MarkObjects: 2.881500 ms  DeleteObjects: 0.125800 ms)

AssetImportParameters requested are different than current active one (requested -> active):
  custom:video-decoder-ogg-theora: a1e56fd34408186e4bbccfd4996cb3dc -> 
  custom:container-muxer-webm: aa71ff27fc2769a1b78a27578f13a17b -> 
  custom:container-demuxer-webm: 4f35f7cbe854078d1ac9338744f61a02 -> 
  custom:video-encoder-webm-vp8: eb34c28f22e8b96e1ab97ce403110664 -> 
  custom:audio-encoder-webm-vorbis: bf7c407c2cedff20999df2af8eb42d56 -> 
  custom:framework-win-MediaFoundation: 216162199b28c13a410421893ffa2e32 -> 
  custom:container-demuxer-ogg: 62fdf1f143b41e24485cea50d1cbac27 -> 
  custom:video-decoder-webm-vp8: 9c59270c3fd7afecdb556c50c9e8de78 -> 
  custom:audio-decoder-ogg-vorbis: bf7c407c2cedff20999df2af8eb42d56 -> 
========================================================================
Received Import Request.
  Time since last request: 1046.309544 seconds.
  path: Assets/Obstacles/Pipe Reversed.prefab
  artifactKey: Guid(17cb97daf129989448e99f9f6a3805c5) Importer(815301076,1909f56bfc062723c751e8b465ee728b)
Start importing Assets/Obstacles/Pipe Reversed.prefab using Guid(17cb97daf129989448e99f9f6a3805c5) Importer(815301076,1909f56bfc062723c751e8b465ee728b)  -> (artifact id: 'ce7b164da5d905cebda232fd2312a6e6') in 0.067993 seconds 
========================================================================
Received Import Request.
  Time since last request: 4.180244 seconds.
  path: Assets/Obstacles/Pipe Reversed.prefab
  artifactKey: Guid(17cb97daf129989448e99f9f6a3805c5) Importer(815301076,1909f56bfc062723c751e8b465ee728b)
Start importing Assets/Obstacles/Pipe Reversed.prefab using Guid(17cb97daf129989448e99f9f6a3805c5) Importer(815301076,1909f56bfc062723c751e8b465ee728b)  -> (artifact id: 'de38b3b85173554a03d58892c61f6ca2') in 0.010365 seconds 
========================================================================
Received Import Request.
  Time since last request: 2.805534 seconds.
  path: Assets/Obstacles/Pipe Reversed.prefab
  artifactKey: Guid(17cb97daf129989448e99f9f6a3805c5) Importer(815301076,1909f56bfc062723c751e8b465ee728b)
Start importing Assets/Obstacles/Pipe Reversed.prefab using Guid(17cb97daf129989448e99f9f6a3805c5) Importer(815301076,1909f56bfc062723c751e8b465ee728b)  -> (artifact id: 'f017f1b57b6a5d4fb06dcafea2e1547e') in 0.008969 seconds 
========================================================================
Received Import Request.
  Time since last request: 0.000025 seconds.
  path: Assets/Obstacles/Pipe.prefab
  artifactKey: Guid(c0fdb1267fb241c45906638aa32b7bfb) Importer(815301076,1909f56bfc062723c751e8b465ee728b)
Start importing Assets/Obstacles/Pipe.prefab using Guid(c0fdb1267fb241c45906638aa32b7bfb) Importer(815301076,1909f56bfc062723c751e8b465ee728b)  -> (artifact id: '31da79524789f6dfd7e1888b2612dcbe') in 0.007490 seconds 
========================================================================
Received Import Request.
  Time since last request: 2.588479 seconds.
  path: Assets/Obstacles/Pipe Reversed.prefab
  artifactKey: Guid(17cb97daf129989448e99f9f6a3805c5) Importer(815301076,1909f56bfc062723c751e8b465ee728b)
Start importing Assets/Obstacles/Pipe Reversed.prefab using Guid(17cb97daf129989448e99f9f6a3805c5) Importer(815301076,1909f56bfc062723c751e8b465ee728b)  -> (artifact id: '66f6a690937548bbfeb3e58bb71d6d40') in 0.010956 seconds 
========================================================================
Received Import Request.
  Time since last request: 0.189479 seconds.
  path: Assets/Obstacles/Pipe Reversed.prefab
  artifactKey: Guid(17cb97daf129989448e99f9f6a3805c5) Importer(815301076,1909f56bfc062723c751e8b465ee728b)
Start importing Assets/Obstacles/Pipe Reversed.prefab using Guid(17cb97daf129989448e99f9f6a3805c5) Importer(815301076,1909f56bfc062723c751e8b465ee728b)  -> (artifact id: 'bfd23ffe1254142a59ae88ec237010b0') in 0.008905 seconds 
========================================================================
Received Prepare
Registering precompiled user dll's ...
Registered in 0.005533 seconds.
Begin MonoManager ReloadAssembly
Symbol file LoadedFromMemory doesn't match image E:\Unity Projects\FlappyBird\Library\PackageCache\com.unity.visualscripting@1.7.8\Editor\VisualScripting.Core\Dependencies\YamlDotNet\Unity.VisualScripting.YamlDotNet.dll
Symbol file LoadedFromMemory doesn't match image E:\Unity Projects\FlappyBird\Library\PackageCache\com.unity.visualscripting@1.7.8\Editor\VisualScripting.Core\Dependencies\DotNetZip\Unity.VisualScripting.IonicZip.dll
Native extension for WindowsStandalone target not found
Native extension for Android target not found
Native extension for WebGL target not found
Refreshing native plugins compatible for Editor in 0.72 ms, found 3 plugins.
Preloading 0 native plugins for Editor in 0.00 ms.
Mono: successfully reloaded assembly
- Completed reload, in  1.107 seconds
Domain Reload Profiling:
	ReloadAssembly (1108ms)
		BeginReloadAssembly (148ms)
			ExecutionOrderSort (0ms)
			DisableScriptedObjects (7ms)
			BackupInstance (0ms)
			ReleaseScriptingObjects (0ms)
			CreateAndSetChildDomain (37ms)
		EndReloadAssembly (858ms)
			LoadAssemblies (104ms)
			RebuildTransferFunctionScriptingTraits (0ms)
			SetupTypeCache (281ms)
			ReleaseScriptCaches (1ms)
			RebuildScriptCaches (58ms)
			SetupLoadedEditorAssemblies (361ms)
				LogAssemblyErrors (0ms)
				InitializePlatformSupportModulesInManaged (24ms)
				SetLoadedEditorAssemblies (0ms)
				RefreshPlugins (1ms)
				BeforeProcessingInitializeOnLoad (74ms)
				ProcessInitializeOnLoadAttributes (221ms)
				ProcessInitializeOnLoadMethodAttributes (29ms)
				AfterProcessingInitializeOnLoad (11ms)
				EditorAssembliesLoaded (0ms)
			ExecutionOrderSort2 (0ms)
			AwakeInstancesAfterBackupRestoration (6ms)
Platform modules already initialized, skipping
Refreshing native plugins compatible for Editor in 1.64 ms, found 3 plugins.
Preloading 0 native plugins for Editor in 0.00 ms.
Unloading 3720 Unused Serialized files (Serialized files now loaded: 0)
Unloading 21 unused Assets / (121.7 KB). Loaded Objects now: 4209.
Memory consumption went from 131.6 MB to 131.5 MB.
Total: 3.431500 ms (FindLiveObjects: 0.380800 ms CreateObjectMapping: 0.157300 ms MarkObjects: 2.777000 ms  DeleteObjects: 0.114400 ms)

AssetImportParameters requested are different than current active one (requested -> active):
  custom:video-decoder-ogg-theora: a1e56fd34408186e4bbccfd4996cb3dc -> 
  custom:container-muxer-webm: aa71ff27fc2769a1b78a27578f13a17b -> 
  custom:container-demuxer-webm: 4f35f7cbe854078d1ac9338744f61a02 -> 
  custom:video-encoder-webm-vp8: eb34c28f22e8b96e1ab97ce403110664 -> 
  custom:audio-encoder-webm-vorbis: bf7c407c2cedff20999df2af8eb42d56 -> 
  custom:framework-win-MediaFoundation: 216162199b28c13a410421893ffa2e32 -> 
  custom:container-demuxer-ogg: 62fdf1f143b41e24485cea50d1cbac27 -> 
  custom:video-decoder-webm-vp8: 9c59270c3fd7afecdb556c50c9e8de78 -> 
  custom:audio-decoder-ogg-vorbis: bf7c407c2cedff20999df2af8eb42d56 -> 
========================================================================
Received Import Request.
  Time since last request: 527.962690 seconds.
  path: Assets/Ouroboros/Stylized Textures - Mini Set/Materials/m_stylized_ground.mat
  artifactKey: Guid(c2e4dd81d54568f4ba794504fa4bab67) Importer(815301076,1909f56bfc062723c751e8b465ee728b)
Start importing Assets/Ouroboros/Stylized Textures - Mini Set/Materials/m_stylized_ground.mat using Guid(c2e4dd81d54568f4ba794504fa4bab67) Importer(815301076,1909f56bfc062723c751e8b465ee728b)  -> (artifact id: '8dda9761a1f4d29dffe8efb72e70bd22') in 0.465208 seconds 
========================================================================
Received Import Request.
  Time since last request: 0.000025 seconds.
  path: Assets/Ouroboros/Stylized Textures - Mini Set/Materials/m_stylized_stone_wall.mat
  artifactKey: Guid(2ffe2c6fffca0064eb3e01e3332f87c7) Importer(815301076,1909f56bfc062723c751e8b465ee728b)
Start importing Assets/Ouroboros/Stylized Textures - Mini Set/Materials/m_stylized_stone_wall.mat using Guid(2ffe2c6fffca0064eb3e01e3332f87c7) Importer(815301076,1909f56bfc062723c751e8b465ee728b)  -> (artifact id: '2d9b0b0548616b09d023468a5335796d') in 0.029440 seconds 
========================================================================
Received Import Request.
  Time since last request: 38.385159 seconds.
  path: Assets/Ouroboros/Stylized Textures - Mini Set/Textures/Ground/t_stylized_ground_h.png
  artifactKey: Guid(2444b625006eac44b86843a84862a38e) Importer(815301076,1909f56bfc062723c751e8b465ee728b)
Start importing Assets/Ouroboros/Stylized Textures - Mini Set/Textures/Ground/t_stylized_ground_h.png using Guid(2444b625006eac44b86843a84862a38e) Importer(815301076,1909f56bfc062723c751e8b465ee728b)  -> (artifact id: '95e432fc99e342519721b938e00e9c99') in 0.066503 seconds 
========================================================================
Received Import Request.
  Time since last request: 0.000029 seconds.
  path: Assets/Ouroboros/Stylized Textures - Mini Set/Textures/Ground/t_stylized_ground_n.png
  artifactKey: Guid(724dcaf2d57fb2c4d9446a52f0fda775) Importer(815301076,1909f56bfc062723c751e8b465ee728b)
Start importing Assets/Ouroboros/Stylized Textures - Mini Set/Textures/Ground/t_stylized_ground_n.png using Guid(724dcaf2d57fb2c4d9446a52f0fda775) Importer(815301076,1909f56bfc062723c751e8b465ee728b)  -> (artifact id: 'b64609f7885a7718f08658da679d92fe') in 0.020252 seconds 
========================================================================
Received Import Request.
  Time since last request: 3.947666 seconds.
  path: Assets/Ouroboros/Stylized Textures - Mini Set/Textures/Rocky Ground/t_stylized_rocky_ground_h.png
  artifactKey: Guid(435a66165ebc4d943aadf30a0d9de85f) Importer(815301076,1909f56bfc062723c751e8b465ee728b)
Start importing Assets/Ouroboros/Stylized Textures - Mini Set/Textures/Rocky Ground/t_stylized_rocky_ground_h.png using Guid(435a66165ebc4d943aadf30a0d9de85f) Importer(815301076,1909f56bfc062723c751e8b465ee728b)  -> (artifact id: '00efd753ea47d7b45c3c33771df0d739') in 0.024296 seconds 
========================================================================
Received Import Request.
  Time since last request: 0.000025 seconds.
  path: Assets/Ouroboros/Stylized Textures - Mini Set/Textures/Rocky Ground/t_stylized_rocky_ground_mr.png
  artifactKey: Guid(ffaa0a94d829f1844906db7cc6291915) Importer(815301076,1909f56bfc062723c751e8b465ee728b)
Start importing Assets/Ouroboros/Stylized Textures - Mini Set/Textures/Rocky Ground/t_stylized_rocky_ground_mr.png using Guid(ffaa0a94d829f1844906db7cc6291915) Importer(815301076,1909f56bfc062723c751e8b465ee728b)  -> (artifact id: 'aeae5c7567115d240fe98bf9fca96f35') in 0.019616 seconds 
========================================================================
Received Import Request.
  Time since last request: 3.652998 seconds.
  path: Assets/Ouroboros/Stylized Textures - Mini Set/Textures/Stone Wall/t_stylized_stone_wall_h.png
  artifactKey: Guid(237dbb313cfc6d241bc238d9339381c2) Importer(815301076,1909f56bfc062723c751e8b465ee728b)
Start importing Assets/Ouroboros/Stylized Textures - Mini Set/Textures/Stone Wall/t_stylized_stone_wall_h.png using Guid(237dbb313cfc6d241bc238d9339381c2) Importer(815301076,1909f56bfc062723c751e8b465ee728b)  -> (artifact id: '24864691881fd6cd8f3e65999bef8151') in 0.014793 seconds 
========================================================================
Received Import Request.
  Time since last request: 24.220207 seconds.
  path: Assets/Ouroboros/Stylized Textures - Mini Set/Textures/Stone Wall/Materials/t_stylized_stone_wall_h.mat
  artifactKey: Guid(0c2b05355f3843c428e7cad32d3d43ee) Importer(815301076,1909f56bfc062723c751e8b465ee728b)
Start importing Assets/Ouroboros/Stylized Textures - Mini Set/Textures/Stone Wall/Materials/t_stylized_stone_wall_h.mat using Guid(0c2b05355f3843c428e7cad32d3d43ee) Importer(815301076,1909f56bfc062723c751e8b465ee728b)  -> (artifact id: '692e6b8d3adb51c327abba8286177b9e') in 0.033063 seconds 
========================================================================
Received Prepare
Registering precompiled user dll's ...
Registered in 0.005298 seconds.
Begin MonoManager ReloadAssembly
Symbol file LoadedFromMemory doesn't match image E:\Unity Projects\FlappyBird\Library\PackageCache\com.unity.visualscripting@1.7.8\Editor\VisualScripting.Core\Dependencies\YamlDotNet\Unity.VisualScripting.YamlDotNet.dll
Symbol file LoadedFromMemory doesn't match image E:\Unity Projects\FlappyBird\Library\PackageCache\com.unity.visualscripting@1.7.8\Editor\VisualScripting.Core\Dependencies\DotNetZip\Unity.VisualScripting.IonicZip.dll
Native extension for WindowsStandalone target not found
Native extension for Android target not found
Native extension for WebGL target not found
Refreshing native plugins compatible for Editor in 0.81 ms, found 3 plugins.
Preloading 0 native plugins for Editor in 0.00 ms.
Mono: successfully reloaded assembly
- Completed reload, in  1.107 seconds
Domain Reload Profiling:
	ReloadAssembly (1107ms)
		BeginReloadAssembly (141ms)
			ExecutionOrderSort (0ms)
			DisableScriptedObjects (4ms)
			BackupInstance (0ms)
			ReleaseScriptingObjects (0ms)
			CreateAndSetChildDomain (36ms)
		EndReloadAssembly (863ms)
			LoadAssemblies (95ms)
			RebuildTransferFunctionScriptingTraits (0ms)
			SetupTypeCache (291ms)
			ReleaseScriptCaches (1ms)
			RebuildScriptCaches (58ms)
			SetupLoadedEditorAssemblies (367ms)
				LogAssemblyErrors (0ms)
				InitializePlatformSupportModulesInManaged (29ms)
				SetLoadedEditorAssemblies (1ms)
				RefreshPlugins (1ms)
				BeforeProcessingInitializeOnLoad (75ms)
				ProcessInitializeOnLoadAttributes (221ms)
				ProcessInitializeOnLoadMethodAttributes (30ms)
				AfterProcessingInitializeOnLoad (11ms)
				EditorAssembliesLoaded (0ms)
			ExecutionOrderSort2 (0ms)
			AwakeInstancesAfterBackupRestoration (6ms)
Platform modules already initialized, skipping
Refreshing native plugins compatible for Editor in 1.80 ms, found 3 plugins.
Preloading 0 native plugins for Editor in 0.00 ms.
Unloading 3720 Unused Serialized files (Serialized files now loaded: 0)
Unloading 21 unused Assets / (114.2 KB). Loaded Objects now: 4254.
Memory consumption went from 136.3 MB to 136.1 MB.
Total: 3.258100 ms (FindLiveObjects: 0.296400 ms CreateObjectMapping: 0.108200 ms MarkObjects: 2.732400 ms  DeleteObjects: 0.119600 ms)

AssetImportParameters requested are different than current active one (requested -> active):
  custom:video-decoder-ogg-theora: a1e56fd34408186e4bbccfd4996cb3dc -> 
  custom:container-muxer-webm: aa71ff27fc2769a1b78a27578f13a17b -> 
  custom:container-demuxer-webm: 4f35f7cbe854078d1ac9338744f61a02 -> 
  custom:video-encoder-webm-vp8: eb34c28f22e8b96e1ab97ce403110664 -> 
  custom:audio-encoder-webm-vorbis: bf7c407c2cedff20999df2af8eb42d56 -> 
  custom:framework-win-MediaFoundation: 216162199b28c13a410421893ffa2e32 -> 
  custom:container-demuxer-ogg: 62fdf1f143b41e24485cea50d1cbac27 -> 
  custom:video-decoder-webm-vp8: 9c59270c3fd7afecdb556c50c9e8de78 -> 
  custom:audio-decoder-ogg-vorbis: bf7c407c2cedff20999df2af8eb42d56 -> 
========================================================================
Received Import Request.
  Time since last request: 989.104796 seconds.
  path: Assets/Ouroboros/Stylized Textures - Mini Set/Textures/Grass/t_stylized_grass_d.png
  artifactKey: Guid(55a625b0e57b278499dcf188ec3bc92e) Importer(815301076,1909f56bfc062723c751e8b465ee728b)
Start importing Assets/Ouroboros/Stylized Textures - Mini Set/Textures/Grass/t_stylized_grass_d.png using Guid(55a625b0e57b278499dcf188ec3bc92e) Importer(815301076,1909f56bfc062723c751e8b465ee728b)  -> (artifact id: '33bb981c82738ea5f0a9f9d53682e4f0') in 0.055989 seconds 
========================================================================
Received Import Request.
  Time since last request: 0.000024 seconds.
  path: Assets/Ouroboros/Stylized Textures - Mini Set/Textures/Grass/t_stylized_grass_n.png
  artifactKey: Guid(7976b7a6f93db604b9b67bb8da455b9b) Importer(815301076,1909f56bfc062723c751e8b465ee728b)
Start importing Assets/Ouroboros/Stylized Textures - Mini Set/Textures/Grass/t_stylized_grass_n.png using Guid(7976b7a6f93db604b9b67bb8da455b9b) Importer(815301076,1909f56bfc062723c751e8b465ee728b)  -> (artifact id: 'c5231f4c347af7385c24c4ec4240d250') in 0.016602 seconds 
========================================================================
Received Import Request.
  Time since last request: 2.463006 seconds.
  path: Assets/Ouroboros/Stylized Textures - Mini Set/Textures/Sand/t_stylized_sand_h.png
  artifactKey: Guid(de9fd58e177d12c48a1206a9a0930f5d) Importer(815301076,1909f56bfc062723c751e8b465ee728b)
Start importing Assets/Ouroboros/Stylized Textures - Mini Set/Textures/Sand/t_stylized_sand_h.png using Guid(de9fd58e177d12c48a1206a9a0930f5d) Importer(815301076,1909f56bfc062723c751e8b465ee728b)  -> (artifact id: 'db4ab4b658e1e2313f35894d672553cd') in 0.013073 seconds 
========================================================================
Received Import Request.
  Time since last request: 0.296963 seconds.
  path: Assets/Ouroboros/Stylized Textures - Mini Set/Textures/Sand/t_stylized_sand_n.png
  artifactKey: Guid(d1010eb8f7747d74aa9f876a39aaf211) Importer(815301076,1909f56bfc062723c751e8b465ee728b)
Start importing Assets/Ouroboros/Stylized Textures - Mini Set/Textures/Sand/t_stylized_sand_n.png using Guid(d1010eb8f7747d74aa9f876a39aaf211) Importer(815301076,1909f56bfc062723c751e8b465ee728b)  -> (artifact id: 'f618cc7bcb12f04dae6efcb1a8e99011') in 0.014626 seconds 
========================================================================
Received Import Request.
  Time since last request: 22.519683 seconds.
  path: Assets/Obstacles/Pipe.prefab
  artifactKey: Guid(c0fdb1267fb241c45906638aa32b7bfb) Importer(815301076,1909f56bfc062723c751e8b465ee728b)
Start importing Assets/Obstacles/Pipe.prefab using Guid(c0fdb1267fb241c45906638aa32b7bfb) Importer(815301076,1909f56bfc062723c751e8b465ee728b)  -> (artifact id: '875b3f0fc545778172941782fd09585b') in 0.033087 seconds 
Editor requested this worker to shutdown with reason: Scaling down because of idle timeout
AssetImportWorker is now disconnected from the server
Process exiting
Exiting without the bug reporter. Application will terminate with return code 0