Using pre-set license
Built from '2021.3/staging' branch; Version is '2021.3.4f1 (cb45f9cae8b7) revision 13321721'; Using compiler version '192829333'; Build Type 'Release'
OS: 'Windows 10  (10.0.19044) 64bit CoreSingleLanguage' Language: 'en' Physical Memory: 15789 MB
BatchMode: 1, IsHumanControllingUs: 0, StartBugReporterOnCrash: 0, Is64bit: 1, IsPro: 1

COMMAND LINE ARGUMENTS:
C:\Program Files\Unity\Hub\Editor\2021.3.4f1\Editor\Unity.exe
-adb2
-batchMode
-noUpm
-name
AssetImportWorker0
-projectPath
E:/Unity Projects/FlappyBird
-logFile
Logs/AssetImportWorker0.log
-srvPort
55024
Successfully changed project path to: E:/Unity Projects/FlappyBird
E:/Unity Projects/FlappyBird
[UnityMemory] Configuration Parameters - Can be set up in boot.config
    "memorysetup-bucket-allocator-granularity=16"
    "memorysetup-bucket-allocator-bucket-count=8"
    "memorysetup-bucket-allocator-block-size=33554432"
    "memorysetup-bucket-allocator-block-count=8"
    "memorysetup-main-allocator-block-size=16777216"
    "memorysetup-thread-allocator-block-size=16777216"
    "memorysetup-gfx-main-allocator-block-size=16777216"
    "memorysetup-gfx-thread-allocator-block-size=16777216"
    "memorysetup-cache-allocator-block-size=4194304"
    "memorysetup-typetree-allocator-block-size=2097152"
    "memorysetup-profiler-bucket-allocator-granularity=16"
    "memorysetup-profiler-bucket-allocator-bucket-count=8"
    "memorysetup-profiler-bucket-allocator-block-size=33554432"
    "memorysetup-profiler-bucket-allocator-block-count=8"
    "memorysetup-profiler-allocator-block-size=16777216"
    "memorysetup-profiler-editor-allocator-block-size=1048576"
    "memorysetup-temp-allocator-size-main=16777216"
    "memorysetup-job-temp-allocator-block-size=2097152"
    "memorysetup-job-temp-allocator-block-size-background=1048576"
    "memorysetup-job-temp-allocator-reduction-small-platforms=262144"
    "memorysetup-temp-allocator-size-background-worker=32768"
    "memorysetup-temp-allocator-size-job-worker=262144"
    "memorysetup-temp-allocator-size-preload-manager=33554432"
    "memorysetup-temp-allocator-size-nav-mesh-worker=65536"
    "memorysetup-temp-allocator-size-audio-worker=65536"
    "memorysetup-temp-allocator-size-cloud-worker=32768"
    "memorysetup-temp-allocator-size-gi-baking-worker=262144"
    "memorysetup-temp-allocator-size-gfx=262144"
Refreshing native plugins compatible for Editor in 92.88 ms, found 3 plugins.
Preloading 0 native plugins for Editor in 0.00 ms.
Initialize engine version: 2021.3.4f1 (cb45f9cae8b7)
[Subsystems] Discovering subsystems at path C:/Program Files/Unity/Hub/Editor/2021.3.4f1/Editor/Data/Resources/UnitySubsystems
[Subsystems] Discovering subsystems at path E:/Unity Projects/FlappyBird/Assets
GfxDevice: creating device client; threaded=0; jobified=0
Direct3D:
    Version:  Direct3D 11.0 [level 11.1]
    Renderer: NVIDIA GeForce GTX 1660 Ti with Max-Q Design (ID=0x2191)
    Vendor:   NVIDIA
    VRAM:     5991 MB
    Driver:   30.0.15.1278
Initialize mono
Mono path[0] = 'C:/Program Files/Unity/Hub/Editor/2021.3.4f1/Editor/Data/Managed'
Mono path[1] = 'C:/Program Files/Unity/Hub/Editor/2021.3.4f1/Editor/Data/MonoBleedingEdge/lib/mono/unityjit-win32'
Mono config path = 'C:/Program Files/Unity/Hub/Editor/2021.3.4f1/Editor/Data/MonoBleedingEdge/etc'
Using monoOptions --debugger-agent=transport=dt_socket,embedding=1,server=y,suspend=n,address=127.0.0.1:56220
Begin MonoManager ReloadAssembly
Registering precompiled unity dll's ...
Register platform support module: C:/Program Files/Unity/Hub/Editor/2021.3.4f1/Editor/Data/PlaybackEngines/WebGLSupport/UnityEditor.WebGL.Extensions.dll
Register platform support module: C:/Program Files/Unity/Hub/Editor/2021.3.4f1/Editor/Data/PlaybackEngines/AndroidPlayer/UnityEditor.Android.Extensions.dll
Register platform support module: C:/Program Files/Unity/Hub/Editor/2021.3.4f1/Editor/Data/PlaybackEngines/WindowsStandaloneSupport/UnityEditor.WindowsStandalone.Extensions.dll
Registered in 0.012317 seconds.
Native extension for WindowsStandalone target not found
Native extension for Android target not found
Native extension for WebGL target not found
Refreshing native plugins compatible for Editor in 90.20 ms, found 3 plugins.
Preloading 0 native plugins for Editor in 0.00 ms.
Mono: successfully reloaded assembly
- Completed reload, in  0.697 seconds
Domain Reload Profiling:
	ReloadAssembly (698ms)
		BeginReloadAssembly (80ms)
			ExecutionOrderSort (0ms)
			DisableScriptedObjects (0ms)
			BackupInstance (0ms)
			ReleaseScriptingObjects (0ms)
			CreateAndSetChildDomain (1ms)
		EndReloadAssembly (496ms)
			LoadAssemblies (78ms)
			RebuildTransferFunctionScriptingTraits (0ms)
			SetupTypeCache (112ms)
			ReleaseScriptCaches (0ms)
			RebuildScriptCaches (28ms)
			SetupLoadedEditorAssemblies (301ms)
				LogAssemblyErrors (0ms)
				InitializePlatformSupportModulesInManaged (63ms)
				SetLoadedEditorAssemblies (0ms)
				RefreshPlugins (90ms)
				BeforeProcessingInitializeOnLoad (1ms)
				ProcessInitializeOnLoadAttributes (103ms)
				ProcessInitializeOnLoadMethodAttributes (44ms)
				AfterProcessingInitializeOnLoad (0ms)
				EditorAssembliesLoaded (0ms)
			ExecutionOrderSort2 (0ms)
			AwakeInstancesAfterBackupRestoration (0ms)
Platform modules already initialized, skipping
Registering precompiled user dll's ...
Registered in 0.005488 seconds.
Begin MonoManager ReloadAssembly
Symbol file LoadedFromMemory doesn't match image E:\Unity Projects\FlappyBird\Library\PackageCache\com.unity.visualscripting@1.7.8\Editor\VisualScripting.Core\Dependencies\YamlDotNet\Unity.VisualScripting.YamlDotNet.dll
Symbol file LoadedFromMemory doesn't match image E:\Unity Projects\FlappyBird\Library\PackageCache\com.unity.visualscripting@1.7.8\Editor\VisualScripting.Core\Dependencies\DotNetZip\Unity.VisualScripting.IonicZip.dll
Native extension for WindowsStandalone target not found
Native extension for Android target not found
Native extension for WebGL target not found
Refreshing native plugins compatible for Editor in 0.80 ms, found 3 plugins.
Preloading 0 native plugins for Editor in 0.00 ms.
Mono: successfully reloaded assembly
- Completed reload, in  1.290 seconds
Domain Reload Profiling:
	ReloadAssembly (1291ms)
		BeginReloadAssembly (246ms)
			ExecutionOrderSort (0ms)
			DisableScriptedObjects (6ms)
			BackupInstance (0ms)
			ReleaseScriptingObjects (0ms)
			CreateAndSetChildDomain (134ms)
		EndReloadAssembly (910ms)
			LoadAssemblies (104ms)
			RebuildTransferFunctionScriptingTraits (0ms)
			SetupTypeCache (278ms)
			ReleaseScriptCaches (1ms)
			RebuildScriptCaches (57ms)
			SetupLoadedEditorAssemblies (436ms)
				LogAssemblyErrors (0ms)
				InitializePlatformSupportModulesInManaged (21ms)
				SetLoadedEditorAssemblies (0ms)
				RefreshPlugins (1ms)
				BeforeProcessingInitializeOnLoad (102ms)
				ProcessInitializeOnLoadAttributes (270ms)
				ProcessInitializeOnLoadMethodAttributes (32ms)
				AfterProcessingInitializeOnLoad (10ms)
				EditorAssembliesLoaded (0ms)
			ExecutionOrderSort2 (0ms)
			AwakeInstancesAfterBackupRestoration (6ms)
Platform modules already initialized, skipping
========================================================================
Worker process is ready to serve import requests
Launched and connected shader compiler UnityShaderCompiler.exe after 0.07 seconds
Refreshing native plugins compatible for Editor in 1.28 ms, found 3 plugins.
Preloading 0 native plugins for Editor in 0.00 ms.
Unloading 3743 Unused Serialized files (Serialized files now loaded: 0)
Unloading 28 unused Assets / (153.9 KB). Loaded Objects now: 4202.
Memory consumption went from 133.5 MB to 133.3 MB.
Total: 3.660400 ms (FindLiveObjects: 0.364700 ms CreateObjectMapping: 0.180800 ms MarkObjects: 2.958800 ms  DeleteObjects: 0.148400 ms)

AssetImportParameters requested are different than current active one (requested -> active):
  custom:video-decoder-ogg-theora: a1e56fd34408186e4bbccfd4996cb3dc -> 
  custom:container-muxer-webm: aa71ff27fc2769a1b78a27578f13a17b -> 
  custom:container-demuxer-webm: 4f35f7cbe854078d1ac9338744f61a02 -> 
  custom:video-encoder-webm-vp8: eb34c28f22e8b96e1ab97ce403110664 -> 
  custom:audio-encoder-webm-vorbis: bf7c407c2cedff20999df2af8eb42d56 -> 
  custom:framework-win-MediaFoundation: 216162199b28c13a410421893ffa2e32 -> 
  custom:container-demuxer-ogg: 62fdf1f143b41e24485cea50d1cbac27 -> 
  custom:video-decoder-webm-vp8: 9c59270c3fd7afecdb556c50c9e8de78 -> 
  custom:audio-decoder-ogg-vorbis: bf7c407c2cedff20999df2af8eb42d56 -> 
========================================================================
Received Import Request.
  Time since last request: 193.229908 seconds.
  path: Assets/Obstacles/Pipe Reversed.prefab
  artifactKey: Guid(17cb97daf129989448e99f9f6a3805c5) Importer(815301076,1909f56bfc062723c751e8b465ee728b)
Start importing Assets/Obstacles/Pipe Reversed.prefab using Guid(17cb97daf129989448e99f9f6a3805c5) Importer(815301076,1909f56bfc062723c751e8b465ee728b)  -> (artifact id: 'ed2846d26abecf266e6bf6fc50ee8a54') in 0.075608 seconds 
========================================================================
Received Import Request.
  Time since last request: 81.248602 seconds.
  path: Assets/Obstacles/ObjstacleCouple.prefab
  artifactKey: Guid(aaeed97fad7a2b84f9f83524b9a19405) Importer(815301076,1909f56bfc062723c751e8b465ee728b)
Start importing Assets/Obstacles/ObjstacleCouple.prefab using Guid(aaeed97fad7a2b84f9f83524b9a19405) Importer(815301076,1909f56bfc062723c751e8b465ee728b)  -> (artifact id: '1124f57bb2e9df5cec92ee3fa99095a0') in 0.008741 seconds 
========================================================================
Received Prepare
Registering precompiled user dll's ...
Registered in 0.005701 seconds.
Begin MonoManager ReloadAssembly
Symbol file LoadedFromMemory doesn't match image E:\Unity Projects\FlappyBird\Library\PackageCache\com.unity.visualscripting@1.7.8\Editor\VisualScripting.Core\Dependencies\YamlDotNet\Unity.VisualScripting.YamlDotNet.dll
Symbol file LoadedFromMemory doesn't match image E:\Unity Projects\FlappyBird\Library\PackageCache\com.unity.visualscripting@1.7.8\Editor\VisualScripting.Core\Dependencies\DotNetZip\Unity.VisualScripting.IonicZip.dll
Native extension for WindowsStandalone target not found
Native extension for Android target not found
Native extension for WebGL target not found
Refreshing native plugins compatible for Editor in 0.70 ms, found 3 plugins.
Preloading 0 native plugins for Editor in 0.00 ms.
Mono: successfully reloaded assembly
- Completed reload, in  1.067 seconds
Domain Reload Profiling:
	ReloadAssembly (1068ms)
		BeginReloadAssembly (143ms)
			ExecutionOrderSort (0ms)
			DisableScriptedObjects (5ms)
			BackupInstance (0ms)
			ReleaseScriptingObjects (0ms)
			CreateAndSetChildDomain (37ms)
		EndReloadAssembly (816ms)
			LoadAssemblies (97ms)
			RebuildTransferFunctionScriptingTraits (0ms)
			SetupTypeCache (263ms)
			ReleaseScriptCaches (1ms)
			RebuildScriptCaches (50ms)
			SetupLoadedEditorAssemblies (365ms)
				LogAssemblyErrors (0ms)
				InitializePlatformSupportModulesInManaged (26ms)
				SetLoadedEditorAssemblies (1ms)
				RefreshPlugins (1ms)
				BeforeProcessingInitializeOnLoad (73ms)
				ProcessInitializeOnLoadAttributes (224ms)
				ProcessInitializeOnLoadMethodAttributes (30ms)
				AfterProcessingInitializeOnLoad (11ms)
				EditorAssembliesLoaded (0ms)
			ExecutionOrderSort2 (0ms)
			AwakeInstancesAfterBackupRestoration (6ms)
Platform modules already initialized, skipping
Refreshing native plugins compatible for Editor in 1.81 ms, found 3 plugins.
Preloading 0 native plugins for Editor in 0.00 ms.
Unloading 3719 Unused Serialized files (Serialized files now loaded: 0)
Unloading 21 unused Assets / (129.4 KB). Loaded Objects now: 4205.
Memory consumption went from 131.6 MB to 131.5 MB.
Total: 3.299600 ms (FindLiveObjects: 0.299000 ms CreateObjectMapping: 0.099900 ms MarkObjects: 2.780000 ms  DeleteObjects: 0.119100 ms)

AssetImportParameters requested are different than current active one (requested -> active):
  custom:video-decoder-ogg-theora: a1e56fd34408186e4bbccfd4996cb3dc -> 
  custom:container-muxer-webm: aa71ff27fc2769a1b78a27578f13a17b -> 
  custom:container-demuxer-webm: 4f35f7cbe854078d1ac9338744f61a02 -> 
  custom:video-encoder-webm-vp8: eb34c28f22e8b96e1ab97ce403110664 -> 
  custom:audio-encoder-webm-vorbis: bf7c407c2cedff20999df2af8eb42d56 -> 
  custom:framework-win-MediaFoundation: 216162199b28c13a410421893ffa2e32 -> 
  custom:container-demuxer-ogg: 62fdf1f143b41e24485cea50d1cbac27 -> 
  custom:video-decoder-webm-vp8: 9c59270c3fd7afecdb556c50c9e8de78 -> 
  custom:audio-decoder-ogg-vorbis: bf7c407c2cedff20999df2af8eb42d56 -> 
========================================================================
Received Import Request.
  Time since last request: 771.732371 seconds.
  path: Assets/Obstacles/ObjstacleCouple.prefab
  artifactKey: Guid(aaeed97fad7a2b84f9f83524b9a19405) Importer(815301076,1909f56bfc062723c751e8b465ee728b)
Start importing Assets/Obstacles/ObjstacleCouple.prefab using Guid(aaeed97fad7a2b84f9f83524b9a19405) Importer(815301076,1909f56bfc062723c751e8b465ee728b)  -> (artifact id: '4ecee43ed4d9f15b51c8ee05db8e78ee') in 0.051495 seconds 
========================================================================
Received Import Request.
  Time since last request: 0.000028 seconds.
  path: Assets/Obstacles/Pipe.prefab
  artifactKey: Guid(c0fdb1267fb241c45906638aa32b7bfb) Importer(815301076,1909f56bfc062723c751e8b465ee728b)
Start importing Assets/Obstacles/Pipe.prefab using Guid(c0fdb1267fb241c45906638aa32b7bfb) Importer(815301076,1909f56bfc062723c751e8b465ee728b)  -> (artifact id: '3f9f80051534fb1b92806f1a36658db2') in 0.007814 seconds 
========================================================================
Received Import Request.
  Time since last request: 4.178273 seconds.
  path: Assets/Obstacles/ObjstacleCouple.prefab
  artifactKey: Guid(aaeed97fad7a2b84f9f83524b9a19405) Importer(815301076,1909f56bfc062723c751e8b465ee728b)
Start importing Assets/Obstacles/ObjstacleCouple.prefab using Guid(aaeed97fad7a2b84f9f83524b9a19405) Importer(815301076,1909f56bfc062723c751e8b465ee728b)  -> (artifact id: '7e65aa092bad45d9dd23dfebd6ce90b7') in 0.010208 seconds 
========================================================================
Received Import Request.
  Time since last request: 0.000043 seconds.
  path: Assets/Obstacles/Pipe.prefab
  artifactKey: Guid(c0fdb1267fb241c45906638aa32b7bfb) Importer(815301076,1909f56bfc062723c751e8b465ee728b)
Start importing Assets/Obstacles/Pipe.prefab using Guid(c0fdb1267fb241c45906638aa32b7bfb) Importer(815301076,1909f56bfc062723c751e8b465ee728b)  -> (artifact id: '0c2580fa5d71751cd8dae7b2d4438ae4') in 0.007296 seconds 
========================================================================
Received Import Request.
  Time since last request: 2.791930 seconds.
  path: Assets/Obstacles/ObjstacleCouple.prefab
  artifactKey: Guid(aaeed97fad7a2b84f9f83524b9a19405) Importer(815301076,1909f56bfc062723c751e8b465ee728b)
Start importing Assets/Obstacles/ObjstacleCouple.prefab using Guid(aaeed97fad7a2b84f9f83524b9a19405) Importer(815301076,1909f56bfc062723c751e8b465ee728b)  -> (artifact id: '940a0c8cea56391232d3e28e3e9de56a') in 0.010077 seconds 
========================================================================
Received Import Request.
  Time since last request: 2.599328 seconds.
  path: Assets/Obstacles/ObjstacleCouple.prefab
  artifactKey: Guid(aaeed97fad7a2b84f9f83524b9a19405) Importer(815301076,1909f56bfc062723c751e8b465ee728b)
Start importing Assets/Obstacles/ObjstacleCouple.prefab using Guid(aaeed97fad7a2b84f9f83524b9a19405) Importer(815301076,1909f56bfc062723c751e8b465ee728b)  -> (artifact id: '6489e39fb77713c6fce14663ccc45b0f') in 0.009015 seconds 
========================================================================
Received Import Request.
  Time since last request: 0.000024 seconds.
  path: Assets/Obstacles/Pipe.prefab
  artifactKey: Guid(c0fdb1267fb241c45906638aa32b7bfb) Importer(815301076,1909f56bfc062723c751e8b465ee728b)
Start importing Assets/Obstacles/Pipe.prefab using Guid(c0fdb1267fb241c45906638aa32b7bfb) Importer(815301076,1909f56bfc062723c751e8b465ee728b)  -> (artifact id: 'f5cc945a8e708a8fdff3cc3867d0fe4f') in 0.007953 seconds 
========================================================================
Received Import Request.
  Time since last request: 0.177474 seconds.
  path: Assets/Obstacles/ObjstacleCouple.prefab
  artifactKey: Guid(aaeed97fad7a2b84f9f83524b9a19405) Importer(815301076,1909f56bfc062723c751e8b465ee728b)
Start importing Assets/Obstacles/ObjstacleCouple.prefab using Guid(aaeed97fad7a2b84f9f83524b9a19405) Importer(815301076,1909f56bfc062723c751e8b465ee728b)  -> (artifact id: 'eb49ca7f0152b568d8ab566bff3d4f27') in 0.008495 seconds 
========================================================================
Received Import Request.
  Time since last request: 0.000026 seconds.
  path: Assets/Obstacles/Pipe.prefab
  artifactKey: Guid(c0fdb1267fb241c45906638aa32b7bfb) Importer(815301076,1909f56bfc062723c751e8b465ee728b)
Start importing Assets/Obstacles/Pipe.prefab using Guid(c0fdb1267fb241c45906638aa32b7bfb) Importer(815301076,1909f56bfc062723c751e8b465ee728b)  -> (artifact id: '397b04e00252c97e2e5b406a86893f46') in 0.007844 seconds 
========================================================================
Received Prepare
Registering precompiled user dll's ...
Registered in 0.005270 seconds.
Begin MonoManager ReloadAssembly
Symbol file LoadedFromMemory doesn't match image E:\Unity Projects\FlappyBird\Library\PackageCache\com.unity.visualscripting@1.7.8\Editor\VisualScripting.Core\Dependencies\YamlDotNet\Unity.VisualScripting.YamlDotNet.dll
Symbol file LoadedFromMemory doesn't match image E:\Unity Projects\FlappyBird\Library\PackageCache\com.unity.visualscripting@1.7.8\Editor\VisualScripting.Core\Dependencies\DotNetZip\Unity.VisualScripting.IonicZip.dll
Native extension for WindowsStandalone target not found
Native extension for Android target not found
Native extension for WebGL target not found
Refreshing native plugins compatible for Editor in 0.70 ms, found 3 plugins.
Preloading 0 native plugins for Editor in 0.00 ms.
Mono: successfully reloaded assembly
- Completed reload, in  1.055 seconds
Domain Reload Profiling:
	ReloadAssembly (1056ms)
		BeginReloadAssembly (145ms)
			ExecutionOrderSort (0ms)
			DisableScriptedObjects (5ms)
			BackupInstance (0ms)
			ReleaseScriptingObjects (0ms)
			CreateAndSetChildDomain (38ms)
		EndReloadAssembly (806ms)
			LoadAssemblies (100ms)
			RebuildTransferFunctionScriptingTraits (0ms)
			SetupTypeCache (272ms)
			ReleaseScriptCaches (2ms)
			RebuildScriptCaches (44ms)
			SetupLoadedEditorAssemblies (354ms)
				LogAssemblyErrors (0ms)
				InitializePlatformSupportModulesInManaged (24ms)
				SetLoadedEditorAssemblies (1ms)
				RefreshPlugins (1ms)
				BeforeProcessingInitializeOnLoad (71ms)
				ProcessInitializeOnLoadAttributes (218ms)
				ProcessInitializeOnLoadMethodAttributes (30ms)
				AfterProcessingInitializeOnLoad (11ms)
				EditorAssembliesLoaded (0ms)
			ExecutionOrderSort2 (0ms)
			AwakeInstancesAfterBackupRestoration (7ms)
Platform modules already initialized, skipping
Refreshing native plugins compatible for Editor in 1.94 ms, found 3 plugins.
Preloading 0 native plugins for Editor in 0.00 ms.
Unloading 3720 Unused Serialized files (Serialized files now loaded: 0)
Unloading 21 unused Assets / (121.8 KB). Loaded Objects now: 4209.
Memory consumption went from 131.7 MB to 131.5 MB.
Total: 3.265200 ms (FindLiveObjects: 0.495600 ms CreateObjectMapping: 0.209700 ms MarkObjects: 2.442600 ms  DeleteObjects: 0.115200 ms)

AssetImportParameters requested are different than current active one (requested -> active):
  custom:video-decoder-ogg-theora: a1e56fd34408186e4bbccfd4996cb3dc -> 
  custom:container-muxer-webm: aa71ff27fc2769a1b78a27578f13a17b -> 
  custom:container-demuxer-webm: 4f35f7cbe854078d1ac9338744f61a02 -> 
  custom:video-encoder-webm-vp8: eb34c28f22e8b96e1ab97ce403110664 -> 
  custom:audio-encoder-webm-vorbis: bf7c407c2cedff20999df2af8eb42d56 -> 
  custom:framework-win-MediaFoundation: 216162199b28c13a410421893ffa2e32 -> 
  custom:container-demuxer-ogg: 62fdf1f143b41e24485cea50d1cbac27 -> 
  custom:video-decoder-webm-vp8: 9c59270c3fd7afecdb556c50c9e8de78 -> 
  custom:audio-decoder-ogg-vorbis: bf7c407c2cedff20999df2af8eb42d56 -> 
========================================================================
Received Import Request.
  Time since last request: 526.022239 seconds.
  path: Assets/Ouroboros
  artifactKey: Guid(9121346834c48f946b8698ee5f07055c) Importer(815301076,1909f56bfc062723c751e8b465ee728b)
Start importing Assets/Ouroboros using Guid(9121346834c48f946b8698ee5f07055c) Importer(815301076,1909f56bfc062723c751e8b465ee728b)  -> (artifact id: '86c7a3066a697693688c99526d171d6f') in 0.009313 seconds 
========================================================================
Received Import Request.
  Time since last request: 0.812453 seconds.
  path: Assets/Ouroboros/Stylized Textures - Mini Set
  artifactKey: Guid(7afcca036bcdc964b848bbdf2387ba7c) Importer(815301076,1909f56bfc062723c751e8b465ee728b)
Start importing Assets/Ouroboros/Stylized Textures - Mini Set using Guid(7afcca036bcdc964b848bbdf2387ba7c) Importer(815301076,1909f56bfc062723c751e8b465ee728b)  -> (artifact id: '7478f1fb19cfd4386d16106b5aad1544') in 0.019160 seconds 
========================================================================
Received Import Request.
  Time since last request: 1.023628 seconds.
  path: Assets/Ouroboros/Stylized Textures - Mini Set/Materials
  artifactKey: Guid(5343efcc7504fa84ebd6ad99c8e6aea6) Importer(815301076,1909f56bfc062723c751e8b465ee728b)
Start importing Assets/Ouroboros/Stylized Textures - Mini Set/Materials using Guid(5343efcc7504fa84ebd6ad99c8e6aea6) Importer(815301076,1909f56bfc062723c751e8b465ee728b)  -> (artifact id: '6bd4b30ec4aafb9246dd665a71e49dce') in 0.003800 seconds 
========================================================================
Received Import Request.
  Time since last request: 0.039582 seconds.
  path: Assets/Ouroboros/Stylized Textures - Mini Set/Materials/m_stylized_grass.mat
  artifactKey: Guid(0bdc64f6bcbdb5e4e94582f5566d3fb8) Importer(815301076,1909f56bfc062723c751e8b465ee728b)
Start importing Assets/Ouroboros/Stylized Textures - Mini Set/Materials/m_stylized_grass.mat using Guid(0bdc64f6bcbdb5e4e94582f5566d3fb8) Importer(815301076,1909f56bfc062723c751e8b465ee728b)  -> (artifact id: 'b38c0c3d9303c1f81056077806003e57') in 0.464590 seconds 
========================================================================
Received Import Request.
  Time since last request: 0.000030 seconds.
  path: Assets/Ouroboros/Stylized Textures - Mini Set/Materials/m_stylized_sand.mat
  artifactKey: Guid(d97b59ac0fbd1254cb5e45695d2c9aa2) Importer(815301076,1909f56bfc062723c751e8b465ee728b)
Start importing Assets/Ouroboros/Stylized Textures - Mini Set/Materials/m_stylized_sand.mat using Guid(d97b59ac0fbd1254cb5e45695d2c9aa2) Importer(815301076,1909f56bfc062723c751e8b465ee728b)  -> (artifact id: 'aec0e3e8050c77c9a41c89ee199a4851') in 0.029105 seconds 
========================================================================
Received Import Request.
  Time since last request: 0.000032 seconds.
  path: Assets/Ouroboros/Stylized Textures - Mini Set/Materials/m_stylized_rocky_ground.mat
  artifactKey: Guid(c7f8398b402ac384e9b10cd813438060) Importer(815301076,1909f56bfc062723c751e8b465ee728b)
Start importing Assets/Ouroboros/Stylized Textures - Mini Set/Materials/m_stylized_rocky_ground.mat using Guid(c7f8398b402ac384e9b10cd813438060) Importer(815301076,1909f56bfc062723c751e8b465ee728b)  -> (artifact id: '6cf3c6dc6822e591568d055f246f43e0') in 0.024154 seconds 
========================================================================
Received Import Request.
  Time since last request: 38.355375 seconds.
  path: Assets/Ouroboros/Stylized Textures - Mini Set/Textures/Ground/t_stylized_ground_d.png
  artifactKey: Guid(8bf97386b25488441b00db7702971a44) Importer(815301076,1909f56bfc062723c751e8b465ee728b)
Start importing Assets/Ouroboros/Stylized Textures - Mini Set/Textures/Ground/t_stylized_ground_d.png using Guid(8bf97386b25488441b00db7702971a44) Importer(815301076,1909f56bfc062723c751e8b465ee728b)  -> (artifact id: '96dc059e5235de39e4b4dfd92913e02c') in 0.057975 seconds 
========================================================================
Received Import Request.
  Time since last request: 0.000032 seconds.
  path: Assets/Ouroboros/Stylized Textures - Mini Set/Textures/Ground/t_stylized_ground_mr.png
  artifactKey: Guid(b4382416e6a989c469a53dd597532dd9) Importer(815301076,1909f56bfc062723c751e8b465ee728b)
Start importing Assets/Ouroboros/Stylized Textures - Mini Set/Textures/Ground/t_stylized_ground_mr.png using Guid(b4382416e6a989c469a53dd597532dd9) Importer(815301076,1909f56bfc062723c751e8b465ee728b)  -> (artifact id: '503196e4d29fc172673d06f0c06bccff') in 0.016040 seconds 
========================================================================
Received Import Request.
  Time since last request: 3.960825 seconds.
  path: Assets/Ouroboros/Stylized Textures - Mini Set/Textures/Rocky Ground/t_stylized_rocky_ground_d.png
  artifactKey: Guid(258079a64e1eb4143a8e701fa6ce319f) Importer(815301076,1909f56bfc062723c751e8b465ee728b)
Start importing Assets/Ouroboros/Stylized Textures - Mini Set/Textures/Rocky Ground/t_stylized_rocky_ground_d.png using Guid(258079a64e1eb4143a8e701fa6ce319f) Importer(815301076,1909f56bfc062723c751e8b465ee728b)  -> (artifact id: '07098cb2b9d0d2bef02ba10ce74e1ece') in 0.025082 seconds 
========================================================================
Received Import Request.
  Time since last request: 0.000031 seconds.
  path: Assets/Ouroboros/Stylized Textures - Mini Set/Textures/Rocky Ground/t_stylized_rocky_ground_n.png
  artifactKey: Guid(3d17e9b4fef41784ebedc627ce103706) Importer(815301076,1909f56bfc062723c751e8b465ee728b)
Start importing Assets/Ouroboros/Stylized Textures - Mini Set/Textures/Rocky Ground/t_stylized_rocky_ground_n.png using Guid(3d17e9b4fef41784ebedc627ce103706) Importer(815301076,1909f56bfc062723c751e8b465ee728b)  -> (artifact id: '3361633da6407672c1f424a66d3d3d47') in 0.029757 seconds 
========================================================================
Received Import Request.
  Time since last request: 3.641650 seconds.
  path: Assets/Ouroboros/Stylized Textures - Mini Set/Textures/Stone Wall/t_stylized_stone_wall_d.png
  artifactKey: Guid(c655c12a17666e546a77d5f6a6ab4b2e) Importer(815301076,1909f56bfc062723c751e8b465ee728b)
Start importing Assets/Ouroboros/Stylized Textures - Mini Set/Textures/Stone Wall/t_stylized_stone_wall_d.png using Guid(c655c12a17666e546a77d5f6a6ab4b2e) Importer(815301076,1909f56bfc062723c751e8b465ee728b)  -> (artifact id: 'fbabe75daee3b84b3a5d7e9893dd9562') in 0.014356 seconds 
========================================================================
Received Import Request.
  Time since last request: 0.000029 seconds.
  path: Assets/Ouroboros/Stylized Textures - Mini Set/Textures/Stone Wall/t_stylized_stone_wall_mr.png
  artifactKey: Guid(347974a0786b5f64aa3ef07ca497559f) Importer(815301076,1909f56bfc062723c751e8b465ee728b)
Start importing Assets/Ouroboros/Stylized Textures - Mini Set/Textures/Stone Wall/t_stylized_stone_wall_mr.png using Guid(347974a0786b5f64aa3ef07ca497559f) Importer(815301076,1909f56bfc062723c751e8b465ee728b)  -> (artifact id: '02bdb4f70b55b2b279bf878a1bc971d8') in 0.015437 seconds 
========================================================================
Received Import Request.
  Time since last request: 24.199862 seconds.
  path: Assets/Ouroboros/Stylized Textures - Mini Set/Textures/Stone Wall/Materials/t_stylized_stone_wall_d.mat
  artifactKey: Guid(a1ea4527d6857a547bd2aecfbe752321) Importer(815301076,1909f56bfc062723c751e8b465ee728b)
Start importing Assets/Ouroboros/Stylized Textures - Mini Set/Textures/Stone Wall/Materials/t_stylized_stone_wall_d.mat using Guid(a1ea4527d6857a547bd2aecfbe752321) Importer(815301076,1909f56bfc062723c751e8b465ee728b)  -> (artifact id: '87fbec6f404a902cbb0c7691f5ba40bb') in 0.020726 seconds 
Editor requested this worker to shutdown with reason: Scaling down because of idle timeout
AssetImportWorker is now disconnected from the server
Process exiting
Exiting without the bug reporter. Application will terminate with return code 0